[2022-09-30T00:37:51.534Z] Log level: Info
[2022-09-30T00:37:51.545Z] [info] Validating found git in: git
[2022-09-30T00:37:51.584Z] [info] Using git 2.25.1 from git
[2022-09-30T00:38:08.171Z] > git rev-parse --show-toplevel [9ms]
[2022-09-30T00:38:08.171Z] fatal: not a git repository (or any of the parent directories): .git
[2022-09-30T01:02:06.258Z] > git rev-parse --show-toplevel [8ms]
[2022-09-30T01:02:06.279Z] > git rev-parse --git-dir --git-common-dir [1ms]
[2022-09-30T01:02:06.319Z] [info] Open repository: /home/attuati
[2022-09-30T01:02:06.358Z] > git status -z -uall [19ms]
[2022-09-30T01:02:06.366Z] > git symbolic-ref --short HEAD [1ms]
[2022-09-30T01:02:06.387Z] > git for-each-ref --format=%(refname)%00%(upstream:short)%00%(objectname)%00%(upstream:track)%00%(upstream:remotename)%00%(upstream:remoteref) refs/heads/master refs/remotes/master [2ms]
[2022-09-30T01:02:06.425Z] > git remote --verbose [10ms]
[2022-09-30T01:02:06.425Z] > git for-each-ref --sort -committerdate --format %(refname) %(objectname) %(*objectname) [22ms]
[2022-09-30T01:02:06.444Z] > git config --get commit.template [1ms]
[2022-09-30T01:02:06.475Z] > git status -z -uall [19ms]
[2022-09-30T01:02:06.478Z] > git symbolic-ref --short HEAD [0ms]
[2022-09-30T01:02:06.482Z] > git for-each-ref --format=%(refname)%00%(upstream:short)%00%(objectname)%00%(upstream:track)%00%(upstream:remotename)%00%(upstream:remoteref) refs/heads/master refs/remotes/master [1ms]
[2022-09-30T01:02:06.504Z] > git remote --verbose [1ms]
[2022-09-30T01:02:06.504Z] > git for-each-ref --sort -committerdate --format %(refname) %(objectname) %(*objectname) [14ms]
[2022-09-30T01:02:06.519Z] > git config --get commit.template [5ms]
[2022-09-30T01:02:06.840Z] > git show --textconv :testegit [5ms]
[2022-09-30T01:02:06.842Z] > git ls-files --stage -- /home/attuati/testegit [3ms]
[2022-09-30T01:02:06.849Z] > git cat-file -s e69de29bb2d1d6434b8b29ae775ad8c2e48c5391 [1ms]
[2022-09-30T01:02:06.897Z] > git check-ignore -v -z --stdin [6ms]
[2022-09-30T01:02:08.083Z] > git status -z -uall [16ms]
[2022-09-30T01:02:08.088Z] > git symbolic-ref --short HEAD [1ms]
[2022-09-30T01:02:08.095Z] > git for-each-ref --format=%(refname)%00%(upstream:short)%00%(objectname)%00%(upstream:track)%00%(upstream:remotename)%00%(upstream:remoteref) refs/heads/master refs/remotes/master [3ms]
[2022-09-30T01:02:08.105Z] > git remote --verbose [1ms]
[2022-09-30T01:02:08.105Z] > git for-each-ref --sort -committerdate --format %(refname) %(objectname) %(*objectname) [5ms]
[2022-09-30T01:02:08.113Z] > git config --get commit.template [1ms]
[2022-09-30T01:02:13.133Z] > git status -z -uall [16ms]
[2022-09-30T01:02:13.136Z] > git symbolic-ref --short HEAD [1ms]
[2022-09-30T01:02:13.139Z] > git for-each-ref --format=%(refname)%00%(upstream:short)%00%(objectname)%00%(upstream:track)%00%(upstream:remotename)%00%(upstream:remoteref) refs/heads/master refs/remotes/master [1ms]
[2022-09-30T01:02:13.144Z] > git for-each-ref --sort -committerdate --format %(refname) %(objectname) %(*objectname) [3ms]
[2022-09-30T01:02:13.144Z] > git remote --verbose [1ms]
[2022-09-30T01:02:13.148Z] > git config --get commit.template [0ms]
[2022-09-30T01:02:54.644Z] > git status -z -uall [38ms]
[2022-09-30T01:02:54.651Z] > git symbolic-ref --short HEAD [1ms]
[2022-09-30T01:02:54.658Z] > git for-each-ref --format=%(refname)%00%(upstream:short)%00%(objectname)%00%(upstream:track)%00%(upstream:remotename)%00%(upstream:remoteref) refs/heads/master refs/remotes/master [2ms]
[2022-09-30T01:02:54.672Z] > git for-each-ref --sort -committerdate --format %(refname) %(objectname) %(*objectname) [8ms]
[2022-09-30T01:02:54.674Z] > git remote --verbose [5ms]
[2022-09-30T01:02:54.683Z] > git config --get commit.template [2ms]
[2022-09-30T01:02:59.701Z] > git status -z -uall [14ms]
[2022-09-30T01:02:59.704Z] > git symbolic-ref --short HEAD [0ms]
[2022-09-30T01:02:59.707Z] > git for-each-ref --format=%(refname)%00%(upstream:short)%00%(objectname)%00%(upstream:track)%00%(upstream:remotename)%00%(upstream:remoteref) refs/heads/master refs/remotes/master [0ms]
[2022-09-30T01:02:59.712Z] > git remote --verbose [1ms]
[2022-09-30T01:02:59.723Z] > git for-each-ref --sort -committerdate --format %(refname) %(objectname) %(*objectname) [14ms]
[2022-09-30T01:02:59.730Z] > git config --get commit.template [0ms]
[2022-09-30T01:03:05.186Z] > git status -z -uall [114ms]
[2022-09-30T01:03:05.223Z] > git symbolic-ref --short HEAD [8ms]
[2022-09-30T01:03:05.250Z] > git for-each-ref --format=%(refname)%00%(upstream:short)%00%(objectname)%00%(upstream:track)%00%(upstream:remotename)%00%(upstream:remoteref) refs/heads/master refs/remotes/master [3ms]
[2022-09-30T01:03:05.259Z] > git remote --verbose [2ms]
[2022-09-30T01:03:05.260Z] > git for-each-ref --sort -committerdate --format %(refname) %(objectname) %(*objectname) [6ms]
[2022-09-30T01:03:05.273Z] > git config --get commit.template [1ms]
[2022-09-30T01:03:10.320Z] > git status -z -uall [38ms]
[2022-09-30T01:03:10.338Z] > git symbolic-ref --short HEAD [4ms]
[2022-09-30T01:03:10.348Z] > git for-each-ref --format=%(refname)%00%(upstream:short)%00%(objectname)%00%(upstream:track)%00%(upstream:remotename)%00%(upstream:remoteref) refs/heads/master refs/remotes/master [2ms]
[2022-09-30T01:03:10.375Z] > git remote --verbose [4ms]
[2022-09-30T01:03:10.378Z] > git for-each-ref --sort -committerdate --format %(refname) %(objectname) %(*objectname) [22ms]
[2022-09-30T01:03:10.402Z] > git config --get commit.template [3ms]
[2022-09-30T01:03:15.422Z] > git status -z -uall [15ms]
[2022-09-30T01:03:15.430Z] > git symbolic-ref --short HEAD [2ms]
[2022-09-30T01:03:15.435Z] > git for-each-ref --format=%(refname)%00%(upstream:short)%00%(objectname)%00%(upstream:track)%00%(upstream:remotename)%00%(upstream:remoteref) refs/heads/master refs/remotes/master [1ms]
[2022-09-30T01:03:15.441Z] > git remote --verbose [1ms]
[2022-09-30T01:03:15.441Z] > git for-each-ref --sort -committerdate --format %(refname) %(objectname) %(*objectname) [3ms]
[2022-09-30T01:03:15.446Z] > git config --get commit.template [0ms]
[2022-09-30T01:07:10.379Z] > git status -z -uall [32ms]
[2022-09-30T01:07:10.387Z] > git symbolic-ref --short HEAD [1ms]
[2022-09-30T01:07:10.392Z] > git for-each-ref --format=%(refname)%00%(upstream:short)%00%(objectname)%00%(upstream:track)%00%(upstream:remotename)%00%(upstream:remoteref) refs/heads/master refs/remotes/master [2ms]
[2022-09-30T01:07:10.400Z] > git remote --verbose [1ms]
[2022-09-30T01:07:10.401Z] > git for-each-ref --sort -committerdate --format %(refname) %(objectname) %(*objectname) [5ms]
[2022-09-30T01:07:10.406Z] > git config --get commit.template [1ms]
[2022-09-30T01:07:15.730Z] > git status -z -uall [28ms]
[2022-09-30T01:07:15.748Z] > git symbolic-ref --short HEAD [4ms]
[2022-09-30T01:07:15.756Z] > git for-each-ref --format=%(refname)%00%(upstream:short)%00%(objectname)%00%(upstream:track)%00%(upstream:remotename)%00%(upstream:remoteref) refs/heads/master refs/remotes/master [2ms]
[2022-09-30T01:07:15.768Z] > git remote --verbose [2ms]
[2022-09-30T01:07:15.769Z] > git for-each-ref --sort -committerdate --format %(refname) %(objectname) %(*objectname) [8ms]
[2022-09-30T01:07:15.778Z] > git config --get commit.template [1ms]
