[2022-10-06T22:49:21.073Z] Log level: Info
[2022-10-06T22:49:21.085Z] [info] Validating found git in: git
[2022-10-06T22:49:21.143Z] [info] Using git 2.25.1 from git
[2022-10-06T22:49:21.220Z] > git rev-parse --show-toplevel [48ms]
[2022-10-06T22:49:21.239Z] > git rev-parse --git-dir --git-common-dir [4ms]
[2022-10-06T22:49:21.253Z] [info] Open repository: /home/attuati/.git
[2022-10-06T22:49:21.303Z] > git status -z -uall [41ms]
[2022-10-06T22:49:21.308Z] > git rev-parse --show-toplevel [37ms]
[2022-10-06T22:49:21.324Z] > git symbolic-ref --short HEAD [16ms]
[2022-10-06T22:49:21.338Z] > git rev-parse --show-toplevel [19ms]
[2022-10-06T22:49:21.348Z] > git rev-parse --show-toplevel [3ms]
[2022-10-06T22:49:21.355Z] > git for-each-ref --format=%(refname)%00%(upstream:short)%00%(objectname)%00%(upstream:track)%00%(upstream:remotename)%00%(upstream:remoteref) refs/heads/master refs/remotes/master [23ms]
[2022-10-06T22:49:21.371Z] > git remote --verbose [4ms]
[2022-10-06T22:49:21.371Z] > git for-each-ref --sort -committerdate --format %(refname) %(objectname) %(*objectname) [10ms]
[2022-10-06T22:49:21.378Z] > git rev-parse --show-toplevel [24ms]
[2022-10-06T22:49:21.387Z] > git rev-parse --show-toplevel [4ms]
[2022-10-06T22:49:21.394Z] > git rev-parse --show-toplevel [3ms]
[2022-10-06T22:49:21.400Z] > git config --get commit.template [14ms]
[2022-10-06T22:49:21.419Z] > git status -z -uall [11ms]
[2022-10-06T22:49:21.423Z] > git symbolic-ref --short HEAD [1ms]
[2022-10-06T22:49:21.427Z] > git for-each-ref --format=%(refname)%00%(upstream:short)%00%(objectname)%00%(upstream:track)%00%(upstream:remotename)%00%(upstream:remoteref) refs/heads/master refs/remotes/master [1ms]
[2022-10-06T22:49:21.438Z] > git for-each-ref --sort -committerdate --format %(refname) %(objectname) %(*objectname) [4ms]
[2022-10-06T22:49:21.439Z] > git remote --verbose [2ms]
[2022-10-06T22:49:21.448Z] > git config --get commit.template [1ms]
[2022-10-06T22:49:21.842Z] > git check-ignore -v -z --stdin [10ms]
[2022-10-06T22:49:31.493Z] > git status -z -uall [7ms]
[2022-10-06T22:49:31.496Z] > git symbolic-ref --short HEAD [1ms]
[2022-10-06T22:49:31.499Z] > git for-each-ref --format=%(refname)%00%(upstream:short)%00%(objectname)%00%(upstream:track)%00%(upstream:remotename)%00%(upstream:remoteref) refs/heads/master refs/remotes/master [1ms]
[2022-10-06T22:49:31.505Z] > git remote --verbose [1ms]
[2022-10-06T22:49:31.505Z] > git for-each-ref --sort -committerdate --format %(refname) %(objectname) %(*objectname) [4ms]
[2022-10-06T22:49:31.518Z] > git config --get commit.template [1ms]
[2022-10-06T22:49:39.348Z] > git status -z -uall [6ms]
[2022-10-06T22:49:39.352Z] > git symbolic-ref --short HEAD [1ms]
[2022-10-06T22:49:39.357Z] > git for-each-ref --format=%(refname)%00%(upstream:short)%00%(objectname)%00%(upstream:track)%00%(upstream:remotename)%00%(upstream:remoteref) refs/heads/master refs/remotes/master [1ms]
[2022-10-06T22:49:39.362Z] > git remote --verbose [1ms]
[2022-10-06T22:49:39.362Z] > git for-each-ref --sort -committerdate --format %(refname) %(objectname) %(*objectname) [3ms]
[2022-10-06T22:49:39.376Z] > git check-ignore -v -z --stdin [10ms]
[2022-10-06T22:49:39.376Z] > git config --get commit.template [6ms]
[2022-10-06T22:50:34.590Z] > git status -z -uall [6ms]
[2022-10-06T22:50:34.594Z] > git symbolic-ref --short HEAD [0ms]
[2022-10-06T22:50:34.597Z] > git for-each-ref --format=%(refname)%00%(upstream:short)%00%(objectname)%00%(upstream:track)%00%(upstream:remotename)%00%(upstream:remoteref) refs/heads/master refs/remotes/master [0ms]
[2022-10-06T22:50:34.604Z] > git remote --verbose [1ms]
[2022-10-06T22:50:34.604Z] > git for-each-ref --sort -committerdate --format %(refname) %(objectname) %(*objectname) [3ms]
[2022-10-06T22:50:34.610Z] > git config --get commit.template [0ms]
[2022-10-06T22:51:20.666Z] > git status -z -uall [8ms]
[2022-10-06T22:51:20.669Z] > git symbolic-ref --short HEAD [1ms]
[2022-10-06T22:51:20.672Z] > git for-each-ref --format=%(refname)%00%(upstream:short)%00%(objectname)%00%(upstream:track)%00%(upstream:remotename)%00%(upstream:remoteref) refs/heads/master refs/remotes/master [1ms]
[2022-10-06T22:51:20.677Z] > git remote --verbose [1ms]
[2022-10-06T22:51:20.677Z] > git for-each-ref --sort -committerdate --format %(refname) %(objectname) %(*objectname) [3ms]
[2022-10-06T22:51:20.684Z] > git config --get commit.template [1ms]
[2022-10-06T22:51:27.435Z] > git status -z -uall [8ms]
[2022-10-06T22:51:27.438Z] > git symbolic-ref --short HEAD [1ms]
[2022-10-06T22:51:27.441Z] > git for-each-ref --format=%(refname)%00%(upstream:short)%00%(objectname)%00%(upstream:track)%00%(upstream:remotename)%00%(upstream:remoteref) refs/heads/master refs/remotes/master [1ms]
[2022-10-06T22:51:27.447Z] > git remote --verbose [0ms]
[2022-10-06T22:51:27.447Z] > git for-each-ref --sort -committerdate --format %(refname) %(objectname) %(*objectname) [3ms]
[2022-10-06T22:51:27.452Z] > git config --get commit.template [0ms]
[2022-10-06T22:51:58.271Z] > git status -z -uall [8ms]
[2022-10-06T22:51:58.273Z] > git symbolic-ref --short HEAD [0ms]
[2022-10-06T22:51:58.277Z] > git for-each-ref --format=%(refname)%00%(upstream:short)%00%(objectname)%00%(upstream:track)%00%(upstream:remotename)%00%(upstream:remoteref) refs/heads/master refs/remotes/master [1ms]
[2022-10-06T22:51:58.282Z] > git remote --verbose [1ms]
[2022-10-06T22:51:58.283Z] > git for-each-ref --sort -committerdate --format %(refname) %(objectname) %(*objectname) [4ms]
[2022-10-06T22:51:58.287Z] > git config --get commit.template [0ms]
[2022-10-06T22:52:50.500Z] > git show --textconv :Felipe_Attuati [6ms]
[2022-10-06T22:52:50.502Z] > git ls-files --stage -- /home/attuati/.git/Felipe_Attuati [4ms]
[2022-10-06T22:52:50.515Z] > git cat-file -s e69de29bb2d1d6434b8b29ae775ad8c2e48c5391 [2ms]
[2022-10-06T22:53:06.577Z] > git status -z -uall [9ms]
[2022-10-06T22:53:06.581Z] > git symbolic-ref --short HEAD [0ms]
[2022-10-06T22:53:06.585Z] > git for-each-ref --format=%(refname)%00%(upstream:short)%00%(objectname)%00%(upstream:track)%00%(upstream:remotename)%00%(upstream:remoteref) refs/heads/master refs/remotes/master [0ms]
[2022-10-06T22:53:06.593Z] > git remote --verbose [1ms]
[2022-10-06T22:53:06.593Z] > git for-each-ref --sort -committerdate --format %(refname) %(objectname) %(*objectname) [4ms]
[2022-10-06T22:53:06.598Z] > git config --get commit.template [1ms]
[2022-10-06T22:53:06.694Z] > git ls-files --stage -- /home/attuati/.git/Felipe_Attuati [1ms]
[2022-10-06T22:53:06.697Z] > git cat-file -s e69de29bb2d1d6434b8b29ae775ad8c2e48c5391 [0ms]
[2022-10-06T22:53:06.707Z] > git show --textconv :Felipe_Attuati [2ms]
[2022-10-06T22:54:03.182Z] > git status -z -uall [7ms]
[2022-10-06T22:54:03.185Z] > git symbolic-ref --short HEAD [0ms]
[2022-10-06T22:54:03.189Z] > git for-each-ref --format=%(refname)%00%(upstream:short)%00%(objectname)%00%(upstream:track)%00%(upstream:remotename)%00%(upstream:remoteref) refs/heads/master refs/remotes/master [1ms]
[2022-10-06T22:54:03.194Z] > git remote --verbose [1ms]
[2022-10-06T22:54:03.194Z] > git for-each-ref --sort -committerdate --format %(refname) %(objectname) %(*objectname) [3ms]
[2022-10-06T22:54:03.198Z] > git config --get commit.template [1ms]
[2022-10-06T22:54:03.284Z] > git ls-files --stage -- /home/attuati/.git/Felipe_Attuati [1ms]
[2022-10-06T22:54:03.288Z] > git cat-file -s e69de29bb2d1d6434b8b29ae775ad8c2e48c5391 [1ms]
[2022-10-06T22:54:03.296Z] > git show --textconv :Felipe_Attuati [1ms]
[2022-10-06T22:54:22.055Z] > git status -z -uall [7ms]
[2022-10-06T22:54:22.059Z] > git symbolic-ref --short HEAD [1ms]
[2022-10-06T22:54:22.064Z] > git for-each-ref --format=%(refname)%00%(upstream:short)%00%(objectname)%00%(upstream:track)%00%(upstream:remotename)%00%(upstream:remoteref) refs/heads/master refs/remotes/master [1ms]
[2022-10-06T22:54:22.071Z] > git remote --verbose [3ms]
[2022-10-06T22:54:22.071Z] > git for-each-ref --sort -committerdate --format %(refname) %(objectname) %(*objectname) [5ms]
[2022-10-06T22:54:22.076Z] > git config --get commit.template [0ms]
[2022-10-06T22:54:22.155Z] > git ls-files --stage -- /home/attuati/.git/Felipe_Attuati [2ms]
[2022-10-06T22:54:22.158Z] > git cat-file -s e69de29bb2d1d6434b8b29ae775ad8c2e48c5391 [1ms]
[2022-10-06T22:54:22.166Z] > git show --textconv :Felipe_Attuati [1ms]
[2022-10-06T22:55:12.710Z] > git status -z -uall [7ms]
[2022-10-06T22:55:12.715Z] > git symbolic-ref --short HEAD [1ms]
[2022-10-06T22:55:12.719Z] > git for-each-ref --format=%(refname)%00%(upstream:short)%00%(objectname)%00%(upstream:track)%00%(upstream:remotename)%00%(upstream:remoteref) refs/heads/master refs/remotes/master [1ms]
[2022-10-06T22:55:12.724Z] > git remote --verbose [1ms]
[2022-10-06T22:55:12.724Z] > git for-each-ref --sort -committerdate --format %(refname) %(objectname) %(*objectname) [3ms]
[2022-10-06T22:55:12.729Z] > git config --get commit.template [0ms]
[2022-10-06T22:55:12.811Z] > git ls-files --stage -- /home/attuati/.git/Felipe_Attuati [1ms]
[2022-10-06T22:55:12.815Z] > git cat-file -s e69de29bb2d1d6434b8b29ae775ad8c2e48c5391 [1ms]
[2022-10-06T22:55:12.824Z] > git show --textconv :Felipe_Attuati [1ms]
