[2022-10-06 19:32:45.379] [exthost] [info] Extension host with pid 141 started
[2022-10-06 19:32:45.578] [exthost] [info] ExtensionService#_doActivateExtension vscode.debug-auto-launch, startup: true, activationEvent: '*'
[2022-10-06 19:32:45.624] [exthost] [info] ExtensionService#_doActivateExtension vscode.git-base, startup: true, activationEvent: '*', root cause: vscode.git
[2022-10-06 19:32:45.657] [exthost] [info] ExtensionService#_doActivateExtension vscode.ipynb, startup: true, activationEvent: '*'
[2022-10-06 19:32:45.695] [exthost] [info] ExtensionService#_doActivateExtension TianyangGuan.codemap, startup: true, activationEvent: '*'
[2022-10-06 19:32:45.776] [exthost] [info] Lock '/home/attuati/.vscode-server/data/User/workspaceStorage/565d76d1340d864a1a728431b7879ae2/vscode.lock': Lock acquired.
[2022-10-06 19:32:46.381] [exthost] [info] ExtensionService#_doActivateExtension vscode.git, startup: true, activationEvent: '*'
[2022-10-06 19:32:46.535] [exthost] [info] ExtensionService#_doActivateExtension vscode.github, startup: true, activationEvent: '*'
[2022-10-06 19:32:46.641] [exthost] [info] ExtensionService#_doActivateExtension vscode.emmet, startup: false, activationEvent: 'onStartupFinished'
[2022-10-06 19:32:46.665] [exthost] [info] ExtensionService#_doActivateExtension vscode.merge-conflict, startup: false, activationEvent: 'onStartupFinished'
[2022-10-06 19:32:46.672] [exthost] [info] Eager extensions activated
[2022-10-06 19:32:46.910] [exthost] [warning] [Decorations] CAPPING events from decorations provider vscode.git 3443
[2022-10-06 19:32:47.583] [exthost] [warning] [Decorations] CAPPING events from decorations provider vscode.git 3443
[2022-10-06 19:37:52.463] [exthost] [warning] [Decorations] CAPPING events from decorations provider vscode.git 3443
[2022-10-06 19:38:11.820] [exthost] [warning] [Decorations] CAPPING events from decorations provider vscode.git 3443
[2022-10-06 19:38:24.533] [exthost] [warning] [Decorations] CAPPING events from decorations provider vscode.git 3443
[2022-10-06 19:39:19.397] [exthost] [warning] [Decorations] CAPPING events from decorations provider vscode.git 3443
[2022-10-06 19:47:02.500] [exthost] [info] Extension host terminating: received terminate message from renderer
[2022-10-06 19:47:02.501] [exthost] [info] Lock '/home/attuati/.vscode-server/data/User/workspaceStorage/565d76d1340d864a1a728431b7879ae2/vscode.lock': Marking the lockfile as scheduled to be released in 6000 ms.
[2022-10-06 19:47:02.537] [exthost] [info] Extension host with pid 141 exiting with code 0
