[2022-09-29 21:44:05.357] [exthost] [info] Extension host with pid 843 started
[2022-09-29 21:44:05.384] [exthost] [info] Lock '/home/attuati/.vscode-server/data/User/workspaceStorage/565d76d1340d864a1a728431b7879ae2/vscode.lock': Lock acquired.
[2022-09-29 21:44:05.480] [exthost] [info] ExtensionService#_doActivateExtension vscode.debug-auto-launch, startup: true, activationEvent: '*'
[2022-09-29 21:44:05.499] [exthost] [info] ExtensionService#_doActivateExtension vscode.git-base, startup: true, activationEvent: '*', root cause: vscode.git
[2022-09-29 21:44:05.511] [exthost] [info] ExtensionService#_doActivateExtension vscode.ipynb, startup: true, activationEvent: '*'
[2022-09-29 21:44:05.546] [exthost] [info] ExtensionService#_doActivateExtension TianyangGuan.codemap, startup: true, activationEvent: '*'
[2022-09-29 21:44:05.614] [exthost] [info] ExtensionService#_doActivateExtension vscode.git, startup: true, activationEvent: '*'
[2022-09-29 21:44:05.777] [exthost] [info] ExtensionService#_doActivateExtension vscode.github, startup: true, activationEvent: '*'
[2022-09-29 21:44:05.985] [exthost] [info] ExtensionService#_doActivateExtension vscode.emmet, startup: false, activationEvent: 'onStartupFinished'
[2022-09-29 21:44:06.012] [exthost] [info] ExtensionService#_doActivateExtension vscode.merge-conflict, startup: false, activationEvent: 'onStartupFinished'
[2022-09-29 21:44:06.017] [exthost] [info] Eager extensions activated
[2022-09-29 21:47:05.816] [exthost] [info] ExtensionService#_doActivateExtension vscode.configuration-editing, startup: false, activationEvent: 'onLanguage:jsonc'
[2022-09-29 21:47:05.828] [exthost] [info] ExtensionService#_doActivateExtension vscode.json-language-features, startup: false, activationEvent: 'onLanguage:jsonc'
[2022-09-29 21:47:05.888] [exthost] [info] ExtensionService#_doActivateExtension vscode.typescript-language-features, startup: false, activationEvent: 'onLanguage:jsonc'
[2022-09-29 21:47:14.567] [exthost] [info] ExtensionService#_doActivateExtension ms-vscode.cpptools, startup: false, activationEvent: 'onLanguage:cpp'
[2022-09-29 21:48:51.966] [exthost] [warning] [Decorations] CAPPING events from decorations provider vscode.git 2874
[2022-09-29 21:48:52.387] [exthost] [warning] [Decorations] CAPPING events from decorations provider vscode.git 2874
[2022-09-29 21:59:31.965] [exthost] [warning] [Decorations] CAPPING events from decorations provider vscode.git 2874
[2022-09-29 22:09:31.956] [exthost] [info] Extension host terminating: received terminate message from renderer
[2022-09-29 22:09:31.959] [exthost] [info] Lock '/home/attuati/.vscode-server/data/User/workspaceStorage/565d76d1340d864a1a728431b7879ae2/vscode.lock': Marking the lockfile as scheduled to be released in 6000 ms.
[2022-09-29 22:09:32.447] [exthost] [info] Extension host with pid 843 exiting with code 0
