[2022-10-06T22:55:50.611Z] Log level: Info
[2022-10-06T22:55:50.619Z] [info] Validating found git in: git
[2022-10-06T22:55:50.681Z] [info] Using git 2.25.1 from git
[2022-10-06T22:55:50.756Z] > git rev-parse --show-toplevel [52ms]
[2022-10-06T22:55:50.782Z] > git rev-parse --git-dir --git-common-dir [3ms]
[2022-10-06T22:55:50.795Z] [info] Open repository: /home/attuati/.git
[2022-10-06T22:55:50.871Z] > git status -z -uall [54ms]
[2022-10-06T22:55:50.878Z] > git rev-parse --show-toplevel [47ms]
[2022-10-06T22:55:50.889Z] > git rev-parse --git-dir --git-common-dir [4ms]
[2022-10-06T22:55:50.896Z] [info] Open repository: /home/attuati/.git/EC2-EstDeDados
[2022-10-06T22:55:50.916Z] > git symbolic-ref --short HEAD [38ms]
[2022-10-06T22:55:50.928Z] > git status -z -uall [22ms]
[2022-10-06T22:55:50.936Z] > git for-each-ref --format=%(refname)%00%(upstream:short)%00%(objectname)%00%(upstream:track)%00%(upstream:remotename)%00%(upstream:remoteref) refs/heads/master refs/remotes/master [11ms]
[2022-10-06T22:55:50.954Z] > git rev-parse --show-toplevel [38ms]
[2022-10-06T22:55:50.964Z] > git rev-parse --show-toplevel [2ms]
[2022-10-06T22:55:50.971Z] > git remote --verbose [19ms]
[2022-10-06T22:55:50.973Z] > git for-each-ref --sort -committerdate --format %(refname) %(objectname) %(*objectname) [29ms]
[2022-10-06T22:55:50.979Z] > git symbolic-ref --short HEAD [43ms]
[2022-10-06T22:55:50.997Z] > git rev-parse --show-toplevel [26ms]
[2022-10-06T22:55:51.005Z] > git rev-parse --show-toplevel [2ms]
[2022-10-06T22:55:51.017Z] > git config --get commit.template [21ms]
[2022-10-06T22:55:51.029Z] > git for-each-ref --format=%(refname)%00%(upstream:short)%00%(objectname)%00%(upstream:track)%00%(upstream:remotename)%00%(upstream:remoteref) refs/heads/main refs/remotes/main [43ms]
[2022-10-06T22:55:51.047Z] > git status -z -uall [19ms]
[2022-10-06T22:55:51.052Z] > git remote --verbose [7ms]
[2022-10-06T22:55:51.053Z] > git for-each-ref --sort -committerdate --format %(refname) %(objectname) %(*objectname) [15ms]
[2022-10-06T22:55:51.062Z] > git rev-parse --show-toplevel [46ms]
[2022-10-06T22:55:51.077Z] > git rev-parse --show-toplevel [11ms]
[2022-10-06T22:55:51.083Z] > git symbolic-ref --short HEAD [32ms]
[2022-10-06T22:55:51.090Z] > git config --get commit.template [17ms]
[2022-10-06T22:55:51.101Z] > git for-each-ref --format=%(refname)%00%(upstream:short)%00%(objectname)%00%(upstream:track)%00%(upstream:remotename)%00%(upstream:remoteref) refs/heads/master refs/remotes/master [12ms]
[2022-10-06T22:55:51.123Z] > git status -z -uall [23ms]
[2022-10-06T22:55:51.132Z] > git remote --verbose [16ms]
[2022-10-06T22:55:51.133Z] > git for-each-ref --sort -committerdate --format %(refname) %(objectname) %(*objectname) [22ms]
[2022-10-06T22:55:51.147Z] > git symbolic-ref --short HEAD [14ms]
[2022-10-06T22:55:51.153Z] > git config --get commit.template [7ms]
[2022-10-06T22:55:51.155Z] > git for-each-ref --format=%(refname)%00%(upstream:short)%00%(objectname)%00%(upstream:track)%00%(upstream:remotename)%00%(upstream:remoteref) refs/heads/main refs/remotes/main [3ms]
[2022-10-06T22:55:51.179Z] > git remote --verbose [5ms]
[2022-10-06T22:55:51.179Z] > git for-each-ref --sort -committerdate --format %(refname) %(objectname) %(*objectname) [11ms]
[2022-10-06T22:55:51.189Z] > git config --get commit.template [1ms]
[2022-10-06T22:55:51.516Z] > git show --textconv :Felipe_Attuati [8ms]
[2022-10-06T22:55:51.517Z] > git ls-files --stage -- /home/attuati/.git/Felipe_Attuati [2ms]
[2022-10-06T22:55:51.523Z] > git cat-file -s e69de29bb2d1d6434b8b29ae775ad8c2e48c5391 [1ms]
[2022-10-06T22:55:51.637Z] > git check-ignore -v -z --stdin [13ms]
[2022-10-06T22:55:51.638Z] > git check-ignore -v -z --stdin [5ms]
[2022-10-06T22:56:04.583Z] > git status -z -uall [6ms]
[2022-10-06T22:56:04.587Z] > git symbolic-ref --short HEAD [1ms]
[2022-10-06T22:56:04.591Z] > git for-each-ref --format=%(refname)%00%(upstream:short)%00%(objectname)%00%(upstream:track)%00%(upstream:remotename)%00%(upstream:remoteref) refs/heads/master refs/remotes/master [1ms]
[2022-10-06T22:56:04.598Z] > git remote --verbose [1ms]
[2022-10-06T22:56:04.598Z] > git for-each-ref --sort -committerdate --format %(refname) %(objectname) %(*objectname) [3ms]
[2022-10-06T22:56:04.603Z] > git config --get commit.template [1ms]
[2022-10-06T22:56:04.684Z] > git ls-files --stage -- /home/attuati/.git/Felipe_Attuati [1ms]
[2022-10-06T22:56:04.687Z] > git cat-file -s e69de29bb2d1d6434b8b29ae775ad8c2e48c5391 [1ms]
[2022-10-06T22:56:04.696Z] > git show --textconv :Felipe_Attuati [1ms]
[2022-10-06T22:56:22.262Z] > git status -z -uall [7ms]
[2022-10-06T22:56:22.265Z] > git symbolic-ref --short HEAD [0ms]
[2022-10-06T22:56:22.268Z] > git for-each-ref --format=%(refname)%00%(upstream:short)%00%(objectname)%00%(upstream:track)%00%(upstream:remotename)%00%(upstream:remoteref) refs/heads/master refs/remotes/master [0ms]
[2022-10-06T22:56:22.274Z] > git remote --verbose [1ms]
[2022-10-06T22:56:22.274Z] > git for-each-ref --sort -committerdate --format %(refname) %(objectname) %(*objectname) [3ms]
[2022-10-06T22:56:22.280Z] > git config --get commit.template [1ms]
[2022-10-06T22:56:22.364Z] > git ls-files --stage -- /home/attuati/.git/Felipe_Attuati [1ms]
[2022-10-06T22:56:22.367Z] > git cat-file -s e69de29bb2d1d6434b8b29ae775ad8c2e48c5391 [1ms]
[2022-10-06T22:56:22.378Z] > git show --textconv :Felipe_Attuati [2ms]
[2022-10-06T22:58:22.762Z] > git status -z -uall [17ms]
[2022-10-06T22:58:22.769Z] > git symbolic-ref --short HEAD [1ms]
[2022-10-06T22:58:22.779Z] > git for-each-ref --format=%(refname)%00%(upstream:short)%00%(objectname)%00%(upstream:track)%00%(upstream:remotename)%00%(upstream:remoteref) refs/heads/master refs/remotes/master [1ms]
[2022-10-06T22:58:22.794Z] > git for-each-ref --sort -committerdate --format %(refname) %(objectname) %(*objectname) [11ms]
[2022-10-06T22:58:22.795Z] > git remote --verbose [3ms]
[2022-10-06T22:58:22.806Z] > git config --get commit.template [1ms]
[2022-10-06T22:58:22.856Z] > git ls-files --stage -- /home/attuati/.git/Felipe_Attuati [2ms]
[2022-10-06T22:58:22.875Z] > git cat-file -s e69de29bb2d1d6434b8b29ae775ad8c2e48c5391 [3ms]
[2022-10-06T22:58:22.899Z] > git show --textconv :Felipe_Attuati [2ms]
[2022-10-06T23:01:44.734Z] > git status -z -uall [8ms]
[2022-10-06T23:01:44.739Z] > git symbolic-ref --short HEAD [1ms]
[2022-10-06T23:01:44.742Z] > git for-each-ref --format=%(refname)%00%(upstream:short)%00%(objectname)%00%(upstream:track)%00%(upstream:remotename)%00%(upstream:remoteref) refs/heads/master refs/remotes/master [1ms]
[2022-10-06T23:01:44.749Z] > git remote --verbose [1ms]
[2022-10-06T23:01:44.749Z] > git for-each-ref --sort -committerdate --format %(refname) %(objectname) %(*objectname) [5ms]
[2022-10-06T23:01:44.755Z] > git config --get commit.template [1ms]
[2022-10-06T23:01:54.535Z] > git check-ignore -v -z --stdin [4ms]
[2022-10-06T23:01:54.605Z] > git status -z -uall [124ms]
[2022-10-06T23:01:54.609Z] > git symbolic-ref --short HEAD [1ms]
[2022-10-06T23:01:54.615Z] > git for-each-ref --format=%(refname)%00%(upstream:short)%00%(objectname)%00%(upstream:track)%00%(upstream:remotename)%00%(upstream:remoteref) refs/heads/master refs/remotes/master [1ms]
[2022-10-06T23:01:54.621Z] > git remote --verbose [1ms]
[2022-10-06T23:01:54.621Z] > git for-each-ref --sort -committerdate --format %(refname) %(objectname) %(*objectname) [3ms]
[2022-10-06T23:01:54.633Z] > git config --get commit.template [0ms]
