[2022-09-30T00:44:05.814Z] Log level: Info
[2022-09-30T00:44:05.840Z] [info] Validating found git in: git
[2022-09-30T00:44:05.893Z] [info] Using git 2.25.1 from git
[2022-09-30T00:44:05.932Z] > git rev-parse --show-toplevel [11ms]
[2022-09-30T00:44:05.932Z] fatal: this operation must be run in a work tree
[2022-09-30T00:44:05.948Z] > git rev-parse --show-toplevel [2ms]
[2022-09-30T00:44:05.948Z] fatal: this operation must be run in a work tree
[2022-09-30T00:44:05.955Z] > git rev-parse --show-toplevel [1ms]
[2022-09-30T00:44:05.955Z] fatal: this operation must be run in a work tree
[2022-09-30T00:44:05.972Z] > git rev-parse --show-toplevel [3ms]
[2022-09-30T00:44:05.972Z] fatal: this operation must be run in a work tree
[2022-09-30T00:44:06.020Z] > git rev-parse --show-toplevel [40ms]
[2022-09-30T00:44:06.020Z] fatal: this operation must be run in a work tree
[2022-09-30T00:44:06.053Z] > git rev-parse --show-toplevel [24ms]
[2022-09-30T00:44:06.053Z] fatal: this operation must be run in a work tree
[2022-09-30T00:44:06.210Z] > git rev-parse --show-toplevel [1ms]
[2022-09-30T00:44:06.210Z] fatal: this operation must be run in a work tree
[2022-09-30T00:47:06.049Z] > git rev-parse --show-toplevel [16ms]
[2022-09-30T00:47:06.049Z] fatal: this operation must be run in a work tree
[2022-09-30T00:48:51.796Z] > git rev-parse --show-toplevel [0ms]
[2022-09-30T00:48:51.802Z] > git rev-parse --git-dir --git-common-dir [0ms]
[2022-09-30T00:48:51.810Z] [info] Open repository: /home/attuati
[2022-09-30T00:48:51.895Z] > git status -z -uall [77ms]
[2022-09-30T00:48:51.900Z] > git symbolic-ref --short HEAD [1ms]
[2022-09-30T00:48:51.908Z] > git for-each-ref --format=%(refname)%00%(upstream:short)%00%(objectname)%00%(upstream:track)%00%(upstream:remotename)%00%(upstream:remoteref) refs/heads/master refs/remotes/master [4ms]
[2022-09-30T00:48:51.916Z] > git remote --verbose [1ms]
[2022-09-30T00:48:51.917Z] > git for-each-ref --sort -committerdate --format %(refname) %(objectname) %(*objectname) [5ms]
[2022-09-30T00:48:51.981Z] > git config --get commit.template [2ms]
[2022-09-30T00:48:52.322Z] > git status -z -uall [335ms]
[2022-09-30T00:48:52.330Z] > git symbolic-ref --short HEAD [1ms]
[2022-09-30T00:48:52.343Z] > git for-each-ref --format=%(refname)%00%(upstream:short)%00%(objectname)%00%(upstream:track)%00%(upstream:remotename)%00%(upstream:remoteref) refs/heads/master refs/remotes/master [8ms]
[2022-09-30T00:48:52.355Z] > git check-ignore -v -z --stdin [13ms]
[2022-09-30T00:48:52.356Z] > git remote --verbose [2ms]
[2022-09-30T00:48:52.357Z] > git for-each-ref --sort -committerdate --format %(refname) %(objectname) %(*objectname) [9ms]
[2022-09-30T00:48:52.402Z] > git config --get commit.template [2ms]
[2022-09-30T00:49:11.331Z] > git check-ignore -v -z --stdin [1ms]
[2022-09-30T00:59:31.894Z] > git status -z -uall [93ms]
[2022-09-30T00:59:31.902Z] > git symbolic-ref --short HEAD [1ms]
[2022-09-30T00:59:31.910Z] > git for-each-ref --format=%(refname)%00%(upstream:short)%00%(objectname)%00%(upstream:track)%00%(upstream:remotename)%00%(upstream:remoteref) refs/heads/master refs/remotes/master [2ms]
[2022-09-30T00:59:31.929Z] > git remote --verbose [1ms]
[2022-09-30T00:59:31.929Z] > git for-each-ref --sort -committerdate --format %(refname) %(objectname) %(*objectname) [10ms]
[2022-09-30T00:59:32.011Z] > git config --get commit.template [28ms]
[2022-09-30T00:59:37.038Z] > git status -z -uall [17ms]
[2022-09-30T00:59:37.046Z] > git symbolic-ref --short HEAD [1ms]
[2022-09-30T00:59:37.052Z] > git for-each-ref --format=%(refname)%00%(upstream:short)%00%(objectname)%00%(upstream:track)%00%(upstream:remotename)%00%(upstream:remoteref) refs/heads/master refs/remotes/master [2ms]
[2022-09-30T00:59:37.069Z] > git for-each-ref --sort -committerdate --format %(refname) %(objectname) %(*objectname) [7ms]
[2022-09-30T00:59:37.070Z] > git remote --verbose [1ms]
[2022-09-30T00:59:37.085Z] > git config --get commit.template [1ms]
[2022-09-30T01:02:13.914Z] > git status -z -uall [32ms]
[2022-09-30T01:02:13.936Z] > git symbolic-ref --short HEAD [4ms]
[2022-09-30T01:02:13.953Z] > git for-each-ref --format=%(refname)%00%(upstream:short)%00%(objectname)%00%(upstream:track)%00%(upstream:remotename)%00%(upstream:remoteref) refs/heads/master refs/remotes/master [2ms]
[2022-09-30T01:02:13.982Z] > git remote --verbose [2ms]
[2022-09-30T01:02:13.983Z] > git for-each-ref --sort -committerdate --format %(refname) %(objectname) %(*objectname) [15ms]
[2022-09-30T01:02:14.023Z] > git config --get commit.template [4ms]
[2022-09-30T01:02:19.048Z] > git status -z -uall [14ms]
[2022-09-30T01:02:19.052Z] > git symbolic-ref --short HEAD [1ms]
[2022-09-30T01:02:19.056Z] > git for-each-ref --format=%(refname)%00%(upstream:short)%00%(objectname)%00%(upstream:track)%00%(upstream:remotename)%00%(upstream:remoteref) refs/heads/master refs/remotes/master [1ms]
[2022-09-30T01:02:19.066Z] > git remote --verbose [1ms]
[2022-09-30T01:02:19.066Z] > git for-each-ref --sort -committerdate --format %(refname) %(objectname) %(*objectname) [5ms]
[2022-09-30T01:02:19.074Z] > git config --get commit.template [1ms]
[2022-09-30T01:02:24.096Z] > git status -z -uall [19ms]
[2022-09-30T01:02:24.101Z] > git symbolic-ref --short HEAD [1ms]
[2022-09-30T01:02:24.106Z] > git for-each-ref --format=%(refname)%00%(upstream:short)%00%(objectname)%00%(upstream:track)%00%(upstream:remotename)%00%(upstream:remoteref) refs/heads/master refs/remotes/master [1ms]
[2022-09-30T01:02:24.114Z] > git remote --verbose [1ms]
[2022-09-30T01:02:24.115Z] > git for-each-ref --sort -committerdate --format %(refname) %(objectname) %(*objectname) [5ms]
[2022-09-30T01:02:24.120Z] > git config --get commit.template [1ms]
[2022-09-30T01:02:29.138Z] > git status -z -uall [14ms]
[2022-09-30T01:02:29.142Z] > git symbolic-ref --short HEAD [0ms]
[2022-09-30T01:02:29.147Z] > git for-each-ref --format=%(refname)%00%(upstream:short)%00%(objectname)%00%(upstream:track)%00%(upstream:remotename)%00%(upstream:remoteref) refs/heads/master refs/remotes/master [1ms]
[2022-09-30T01:02:29.154Z] > git remote --verbose [1ms]
[2022-09-30T01:02:29.154Z] > git for-each-ref --sort -committerdate --format %(refname) %(objectname) %(*objectname) [4ms]
[2022-09-30T01:02:29.167Z] > git config --get commit.template [1ms]
[2022-09-30T01:02:34.185Z] > git status -z -uall [14ms]
[2022-09-30T01:02:34.190Z] > git symbolic-ref --short HEAD [1ms]
[2022-09-30T01:02:34.198Z] > git for-each-ref --format=%(refname)%00%(upstream:short)%00%(objectname)%00%(upstream:track)%00%(upstream:remotename)%00%(upstream:remoteref) refs/heads/master refs/remotes/master [1ms]
[2022-09-30T01:02:34.208Z] > git remote --verbose [1ms]
[2022-09-30T01:02:34.208Z] > git for-each-ref --sort -committerdate --format %(refname) %(objectname) %(*objectname) [6ms]
[2022-09-30T01:02:34.217Z] > git config --get commit.template [0ms]
[2022-09-30T01:02:39.237Z] > git status -z -uall [16ms]
[2022-09-30T01:02:39.243Z] > git symbolic-ref --short HEAD [0ms]
[2022-09-30T01:02:39.248Z] > git for-each-ref --format=%(refname)%00%(upstream:short)%00%(objectname)%00%(upstream:track)%00%(upstream:remotename)%00%(upstream:remoteref) refs/heads/master refs/remotes/master [1ms]
[2022-09-30T01:02:39.255Z] > git remote --verbose [0ms]
[2022-09-30T01:02:39.256Z] > git for-each-ref --sort -committerdate --format %(refname) %(objectname) %(*objectname) [5ms]
[2022-09-30T01:02:39.265Z] > git config --get commit.template [1ms]
[2022-09-30T01:02:44.283Z] > git status -z -uall [13ms]
[2022-09-30T01:02:44.287Z] > git symbolic-ref --short HEAD [0ms]
[2022-09-30T01:02:44.292Z] > git for-each-ref --format=%(refname)%00%(upstream:short)%00%(objectname)%00%(upstream:track)%00%(upstream:remotename)%00%(upstream:remoteref) refs/heads/master refs/remotes/master [1ms]
[2022-09-30T01:02:44.303Z] > git for-each-ref --sort -committerdate --format %(refname) %(objectname) %(*objectname) [5ms]
[2022-09-30T01:02:44.304Z] > git remote --verbose [2ms]
[2022-09-30T01:02:44.311Z] > git config --get commit.template [1ms]
[2022-09-30T01:02:49.330Z] > git status -z -uall [15ms]
[2022-09-30T01:02:49.334Z] > git symbolic-ref --short HEAD [1ms]
[2022-09-30T01:02:49.338Z] > git for-each-ref --format=%(refname)%00%(upstream:short)%00%(objectname)%00%(upstream:track)%00%(upstream:remotename)%00%(upstream:remoteref) refs/heads/master refs/remotes/master [1ms]
[2022-09-30T01:02:49.345Z] > git for-each-ref --sort -committerdate --format %(refname) %(objectname) %(*objectname) [4ms]
[2022-09-30T01:02:49.346Z] > git remote --verbose [2ms]
[2022-09-30T01:02:49.352Z] > git config --get commit.template [1ms]
[2022-09-30T01:02:54.405Z] > git status -z -uall [36ms]
[2022-09-30T01:02:54.420Z] > git symbolic-ref --short HEAD [2ms]
[2022-09-30T01:02:54.435Z] > git for-each-ref --format=%(refname)%00%(upstream:short)%00%(objectname)%00%(upstream:track)%00%(upstream:remotename)%00%(upstream:remoteref) refs/heads/master refs/remotes/master [1ms]
[2022-09-30T01:02:54.453Z] > git for-each-ref --sort -committerdate --format %(refname) %(objectname) %(*objectname) [7ms]
[2022-09-30T01:02:54.454Z] > git remote --verbose [2ms]
[2022-09-30T01:02:54.466Z] > git config --get commit.template [1ms]
[2022-09-30T01:07:19.934Z] > git status -z -uall [34ms]
[2022-09-30T01:07:19.943Z] > git symbolic-ref --short HEAD [1ms]
[2022-09-30T01:07:19.951Z] > git for-each-ref --format=%(refname)%00%(upstream:short)%00%(objectname)%00%(upstream:track)%00%(upstream:remotename)%00%(upstream:remoteref) refs/heads/master refs/remotes/master [1ms]
[2022-09-30T01:07:19.962Z] > git remote --verbose [1ms]
[2022-09-30T01:07:19.962Z] > git for-each-ref --sort -committerdate --format %(refname) %(objectname) %(*objectname) [5ms]
[2022-09-30T01:07:19.972Z] > git config --get commit.template [2ms]
[2022-09-30T01:07:25.020Z] > git status -z -uall [43ms]
[2022-09-30T01:07:25.025Z] > git symbolic-ref --short HEAD [1ms]
[2022-09-30T01:07:25.034Z] > git for-each-ref --format=%(refname)%00%(upstream:short)%00%(objectname)%00%(upstream:track)%00%(upstream:remotename)%00%(upstream:remoteref) refs/heads/master refs/remotes/master [1ms]
[2022-09-30T01:07:25.041Z] > git remote --verbose [1ms]
[2022-09-30T01:07:25.041Z] > git for-each-ref --sort -committerdate --format %(refname) %(objectname) %(*objectname) [4ms]
[2022-09-30T01:07:25.050Z] > git config --get commit.template [1ms]
[2022-09-30T01:07:30.074Z] > git status -z -uall [18ms]
[2022-09-30T01:07:30.081Z] > git symbolic-ref --short HEAD [1ms]
[2022-09-30T01:07:30.089Z] > git for-each-ref --format=%(refname)%00%(upstream:short)%00%(objectname)%00%(upstream:track)%00%(upstream:remotename)%00%(upstream:remoteref) refs/heads/master refs/remotes/master [1ms]
[2022-09-30T01:07:30.099Z] > git remote --verbose [1ms]
[2022-09-30T01:07:30.099Z] > git for-each-ref --sort -committerdate --format %(refname) %(objectname) %(*objectname) [5ms]
[2022-09-30T01:07:30.108Z] > git config --get commit.template [1ms]
[2022-09-30T01:07:35.349Z] > git status -z -uall [28ms]
[2022-09-30T01:07:35.357Z] > git symbolic-ref --short HEAD [3ms]
[2022-09-30T01:07:35.367Z] > git for-each-ref --format=%(refname)%00%(upstream:short)%00%(objectname)%00%(upstream:track)%00%(upstream:remotename)%00%(upstream:remoteref) refs/heads/master refs/remotes/master [1ms]
[2022-09-30T01:07:35.391Z] > git remote --verbose [1ms]
[2022-09-30T01:07:35.392Z] > git for-each-ref --sort -committerdate --format %(refname) %(objectname) %(*objectname) [17ms]
[2022-09-30T01:07:35.399Z] > git config --get commit.template [1ms]
[2022-09-30T01:07:40.422Z] > git status -z -uall [15ms]
[2022-09-30T01:07:40.427Z] > git symbolic-ref --short HEAD [1ms]
[2022-09-30T01:07:40.433Z] > git for-each-ref --format=%(refname)%00%(upstream:short)%00%(objectname)%00%(upstream:track)%00%(upstream:remotename)%00%(upstream:remoteref) refs/heads/master refs/remotes/master [1ms]
[2022-09-30T01:07:40.447Z] > git remote --verbose [1ms]
[2022-09-30T01:07:40.448Z] > git for-each-ref --sort -committerdate --format %(refname) %(objectname) %(*objectname) [7ms]
[2022-09-30T01:07:40.455Z] > git config --get commit.template [1ms]
[2022-09-30T01:07:45.481Z] > git status -z -uall [22ms]
[2022-09-30T01:07:45.486Z] > git symbolic-ref --short HEAD [1ms]
[2022-09-30T01:07:45.494Z] > git for-each-ref --format=%(refname)%00%(upstream:short)%00%(objectname)%00%(upstream:track)%00%(upstream:remotename)%00%(upstream:remoteref) refs/heads/master refs/remotes/master [1ms]
[2022-09-30T01:07:45.504Z] > git for-each-ref --sort -committerdate --format %(refname) %(objectname) %(*objectname) [5ms]
[2022-09-30T01:07:45.505Z] > git remote --verbose [2ms]
[2022-09-30T01:07:45.512Z] > git config --get commit.template [1ms]
[2022-09-30T01:07:56.291Z] > git status -z -uall [32ms]
[2022-09-30T01:07:56.296Z] > git symbolic-ref --short HEAD [1ms]
[2022-09-30T01:07:56.308Z] > git for-each-ref --format=%(refname)%00%(upstream:short)%00%(objectname)%00%(upstream:track)%00%(upstream:remotename)%00%(upstream:remoteref) refs/heads/master refs/remotes/master [1ms]
[2022-09-30T01:07:56.325Z] > git remote --verbose [1ms]
[2022-09-30T01:07:56.325Z] > git for-each-ref --sort -committerdate --format %(refname) %(objectname) %(*objectname) [8ms]
[2022-09-30T01:07:56.336Z] > git config --get commit.template [3ms]
[2022-09-30T01:08:33.021Z] > git status -z -uall [22ms]
[2022-09-30T01:08:33.028Z] > git symbolic-ref --short HEAD [1ms]
[2022-09-30T01:08:33.035Z] > git for-each-ref --format=%(refname)%00%(upstream:short)%00%(objectname)%00%(upstream:track)%00%(upstream:remotename)%00%(upstream:remoteref) refs/heads/master refs/remotes/master [1ms]
[2022-09-30T01:08:33.043Z] > git for-each-ref --sort -committerdate --format %(refname) %(objectname) %(*objectname) [4ms]
[2022-09-30T01:08:33.043Z] > git remote --verbose [1ms]
[2022-09-30T01:08:33.053Z] > git config --get commit.template [1ms]
[2022-09-30T01:08:38.075Z] > git status -z -uall [17ms]
[2022-09-30T01:08:38.080Z] > git symbolic-ref --short HEAD [1ms]
[2022-09-30T01:08:38.087Z] > git for-each-ref --format=%(refname)%00%(upstream:short)%00%(objectname)%00%(upstream:track)%00%(upstream:remotename)%00%(upstream:remoteref) refs/heads/master refs/remotes/master [1ms]
[2022-09-30T01:08:38.094Z] > git for-each-ref --sort -committerdate --format %(refname) %(objectname) %(*objectname) [4ms]
[2022-09-30T01:08:38.094Z] > git remote --verbose [1ms]
[2022-09-30T01:08:38.100Z] > git config --get commit.template [1ms]
[2022-09-30T01:08:43.118Z] > git status -z -uall [13ms]
[2022-09-30T01:08:43.123Z] > git symbolic-ref --short HEAD [0ms]
[2022-09-30T01:08:43.129Z] > git for-each-ref --format=%(refname)%00%(upstream:short)%00%(objectname)%00%(upstream:track)%00%(upstream:remotename)%00%(upstream:remoteref) refs/heads/master refs/remotes/master [0ms]
[2022-09-30T01:08:43.143Z] > git remote --verbose [1ms]
[2022-09-30T01:08:43.143Z] > git for-each-ref --sort -committerdate --format %(refname) %(objectname) %(*objectname) [11ms]
[2022-09-30T01:08:43.149Z] > git config --get commit.template [0ms]
[2022-09-30T01:08:48.170Z] > git status -z -uall [15ms]
[2022-09-30T01:08:48.174Z] > git symbolic-ref --short HEAD [1ms]
[2022-09-30T01:08:48.178Z] > git for-each-ref --format=%(refname)%00%(upstream:short)%00%(objectname)%00%(upstream:track)%00%(upstream:remotename)%00%(upstream:remoteref) refs/heads/master refs/remotes/master [1ms]
[2022-09-30T01:08:48.185Z] > git remote --verbose [1ms]
[2022-09-30T01:08:48.185Z] > git for-each-ref --sort -committerdate --format %(refname) %(objectname) %(*objectname) [4ms]
[2022-09-30T01:08:48.194Z] > git config --get commit.template [1ms]
[2022-09-30T01:08:53.214Z] > git status -z -uall [15ms]
[2022-09-30T01:08:53.220Z] > git symbolic-ref --short HEAD [1ms]
[2022-09-30T01:08:53.226Z] > git for-each-ref --format=%(refname)%00%(upstream:short)%00%(objectname)%00%(upstream:track)%00%(upstream:remotename)%00%(upstream:remoteref) refs/heads/master refs/remotes/master [1ms]
[2022-09-30T01:08:53.233Z] > git for-each-ref --sort -committerdate --format %(refname) %(objectname) %(*objectname) [4ms]
[2022-09-30T01:08:53.234Z] > git remote --verbose [1ms]
[2022-09-30T01:08:53.240Z] > git config --get commit.template [1ms]
[2022-09-30T01:09:26.762Z] > git status -z -uall [56ms]
[2022-09-30T01:09:26.777Z] > git symbolic-ref --short HEAD [1ms]
[2022-09-30T01:09:26.799Z] > git for-each-ref --format=%(refname)%00%(upstream:short)%00%(objectname)%00%(upstream:track)%00%(upstream:remotename)%00%(upstream:remoteref) refs/heads/master refs/remotes/master [3ms]
[2022-09-30T01:09:26.833Z] > git remote --verbose [2ms]
[2022-09-30T01:09:26.834Z] > git for-each-ref --sort -committerdate --format %(refname) %(objectname) %(*objectname) [18ms]
[2022-09-30T01:09:26.856Z] > git config --get commit.template [5ms]
[2022-09-30T01:09:31.879Z] > git status -z -uall [15ms]
[2022-09-30T01:09:31.883Z] > git symbolic-ref --short HEAD [0ms]
[2022-09-30T01:09:31.889Z] > git for-each-ref --format=%(refname)%00%(upstream:short)%00%(objectname)%00%(upstream:track)%00%(upstream:remotename)%00%(upstream:remoteref) refs/heads/master refs/remotes/master [1ms]
[2022-09-30T01:09:31.898Z] > git for-each-ref --sort -committerdate --format %(refname) %(objectname) %(*objectname) [4ms]
[2022-09-30T01:09:31.898Z] > git remote --verbose [1ms]
[2022-09-30T01:09:31.903Z] > git config --get commit.template [0ms]
