[2022-10-06T22:32:46.565Z] Log level: Info
[2022-10-06T22:32:46.574Z] [info] Validating found git in: git
[2022-10-06T22:32:46.623Z] [info] Using git 2.25.1 from git
[2022-10-06T22:32:46.675Z] > git rev-parse --show-toplevel [37ms]
[2022-10-06T22:32:46.689Z] > git rev-parse --git-dir --git-common-dir [1ms]
[2022-10-06T22:32:46.700Z] [info] Open repository: /home/attuati/.git
[2022-10-06T22:32:46.727Z] > git status -z -uall [14ms]
[2022-10-06T22:32:46.776Z] > git symbolic-ref --short HEAD [41ms]
[2022-10-06T22:32:46.788Z] > git for-each-ref --format=%(refname)%00%(upstream:short)%00%(objectname)%00%(upstream:track)%00%(upstream:remotename)%00%(upstream:remoteref) refs/heads/master refs/remotes/master [7ms]
[2022-10-06T22:32:46.805Z] > git remote --verbose [7ms]
[2022-10-06T22:32:46.805Z] > git for-each-ref --sort -committerdate --format %(refname) %(objectname) %(*objectname) [11ms]
[2022-10-06T22:32:46.932Z] > git config --get commit.template [2ms]
[2022-10-06T22:32:47.518Z] > git status -z -uall [578ms]
[2022-10-06T22:32:47.526Z] > git check-ignore -v -z --stdin [20ms]
[2022-10-06T22:32:47.529Z] > git symbolic-ref --short HEAD [3ms]
[2022-10-06T22:32:47.537Z] > git for-each-ref --format=%(refname)%00%(upstream:short)%00%(objectname)%00%(upstream:track)%00%(upstream:remotename)%00%(upstream:remoteref) refs/heads/master refs/remotes/master [1ms]
[2022-10-06T22:32:47.553Z] > git remote --verbose [1ms]
[2022-10-06T22:32:47.553Z] > git for-each-ref --sort -committerdate --format %(refname) %(objectname) %(*objectname) [9ms]
[2022-10-06T22:32:47.605Z] > git config --get commit.template [10ms]
[2022-10-06T22:37:52.410Z] > git status -z -uall [9ms]
[2022-10-06T22:37:52.418Z] > git symbolic-ref --short HEAD [2ms]
[2022-10-06T22:37:52.423Z] > git for-each-ref --format=%(refname)%00%(upstream:short)%00%(objectname)%00%(upstream:track)%00%(upstream:remotename)%00%(upstream:remoteref) refs/heads/master refs/remotes/master [0ms]
[2022-10-06T22:37:52.434Z] > git remote --verbose [1ms]
[2022-10-06T22:37:52.434Z] > git for-each-ref --sort -committerdate --format %(refname) %(objectname) %(*objectname) [7ms]
[2022-10-06T22:37:52.474Z] > git config --get commit.template [2ms]
[2022-10-06T22:38:11.772Z] > git status -z -uall [8ms]
[2022-10-06T22:38:11.776Z] > git symbolic-ref --short HEAD [1ms]
[2022-10-06T22:38:11.781Z] > git for-each-ref --format=%(refname)%00%(upstream:short)%00%(objectname)%00%(upstream:track)%00%(upstream:remotename)%00%(upstream:remoteref) refs/heads/master refs/remotes/master [1ms]
[2022-10-06T22:38:11.788Z] > git remote --verbose [1ms]
[2022-10-06T22:38:11.788Z] > git for-each-ref --sort -committerdate --format %(refname) %(objectname) %(*objectname) [4ms]
[2022-10-06T22:38:11.831Z] > git config --get commit.template [0ms]
[2022-10-06T22:38:24.501Z] > git status -z -uall [8ms]
[2022-10-06T22:38:24.504Z] > git symbolic-ref --short HEAD [0ms]
[2022-10-06T22:38:24.508Z] > git for-each-ref --format=%(refname)%00%(upstream:short)%00%(objectname)%00%(upstream:track)%00%(upstream:remotename)%00%(upstream:remoteref) refs/heads/master refs/remotes/master [0ms]
[2022-10-06T22:38:24.517Z] > git remote --verbose [1ms]
[2022-10-06T22:38:24.517Z] > git for-each-ref --sort -committerdate --format %(refname) %(objectname) %(*objectname) [4ms]
[2022-10-06T22:38:24.546Z] > git config --get commit.template [0ms]
[2022-10-06T22:39:19.372Z] > git status -z -uall [14ms]
[2022-10-06T22:39:19.378Z] > git symbolic-ref --short HEAD [1ms]
[2022-10-06T22:39:19.385Z] > git for-each-ref --format=%(refname)%00%(upstream:short)%00%(objectname)%00%(upstream:track)%00%(upstream:remotename)%00%(upstream:remoteref) refs/heads/master refs/remotes/master [1ms]
[2022-10-06T22:39:19.392Z] > git remote --verbose [0ms]
[2022-10-06T22:39:19.392Z] > git for-each-ref --sort -committerdate --format %(refname) %(objectname) %(*objectname) [4ms]
[2022-10-06T22:39:19.406Z] > git config --get commit.template [0ms]
[2022-10-06T22:39:36.899Z] > git status -z -uall [11ms]
[2022-10-06T22:39:36.905Z] > git symbolic-ref --short HEAD [0ms]
[2022-10-06T22:39:36.910Z] > git for-each-ref --format=%(refname)%00%(upstream:short)%00%(objectname)%00%(upstream:track)%00%(upstream:remotename)%00%(upstream:remoteref) refs/heads/master refs/remotes/master [1ms]
[2022-10-06T22:39:36.918Z] > git remote --verbose [1ms]
[2022-10-06T22:39:36.919Z] > git for-each-ref --sort -committerdate --format %(refname) %(objectname) %(*objectname) [6ms]
[2022-10-06T22:39:36.925Z] > git config --get commit.template [1ms]
[2022-10-06T22:41:55.600Z] > git status -z -uall [19ms]
[2022-10-06T22:41:55.617Z] > git symbolic-ref --short HEAD [1ms]
[2022-10-06T22:41:55.627Z] > git for-each-ref --format=%(refname)%00%(upstream:short)%00%(objectname)%00%(upstream:track)%00%(upstream:remotename)%00%(upstream:remoteref) refs/heads/master refs/remotes/master [2ms]
[2022-10-06T22:41:55.637Z] > git remote --verbose [1ms]
[2022-10-06T22:41:55.637Z] > git for-each-ref --sort -committerdate --format %(refname) %(objectname) %(*objectname) [5ms]
[2022-10-06T22:41:55.662Z] > git config --get commit.template [0ms]
[2022-10-06T22:45:45.573Z] > git show --textconv :Felipe_Attuati [6ms]
[2022-10-06T22:45:45.575Z] > git ls-files --stage -- /home/attuati/.git/Felipe_Attuati [3ms]
[2022-10-06T22:45:45.737Z] > git check-ignore -v -z --stdin [2ms]
[2022-10-06T22:45:46.246Z] > git status -z -uall [7ms]
[2022-10-06T22:45:46.252Z] > git symbolic-ref --short HEAD [1ms]
[2022-10-06T22:45:46.256Z] > git for-each-ref --format=%(refname)%00%(upstream:short)%00%(objectname)%00%(upstream:track)%00%(upstream:remotename)%00%(upstream:remoteref) refs/heads/master refs/remotes/master [0ms]
[2022-10-06T22:45:46.269Z] > git remote --verbose [1ms]
[2022-10-06T22:45:46.269Z] > git for-each-ref --sort -committerdate --format %(refname) %(objectname) %(*objectname) [7ms]
[2022-10-06T22:45:46.288Z] > git config --get commit.template [5ms]
[2022-10-06T22:46:05.358Z] > git status -z -uall [6ms]
[2022-10-06T22:46:05.376Z] > git symbolic-ref --short HEAD [15ms]
[2022-10-06T22:46:05.382Z] > git for-each-ref --format=%(refname)%00%(upstream:short)%00%(objectname)%00%(upstream:track)%00%(upstream:remotename)%00%(upstream:remoteref) refs/heads/master refs/remotes/master [1ms]
[2022-10-06T22:46:05.388Z] > git remote --verbose [1ms]
[2022-10-06T22:46:05.389Z] > git for-each-ref --sort -committerdate --format %(refname) %(objectname) %(*objectname) [5ms]
[2022-10-06T22:46:05.396Z] > git config --get commit.template [1ms]
[2022-10-06T22:46:05.461Z] > git ls-files --stage -- /home/attuati/.git/Felipe_Attuati [3ms]
[2022-10-06T22:46:05.478Z] > git show --textconv :Felipe_Attuati [7ms]
