[2022-09-22 19:35:05.161] [exthost] [info] Extension host with pid 128 started
[2022-09-22 19:35:05.217] [exthost] [info] ExtensionService#_doActivateExtension vscode.debug-auto-launch, startup: true, activationEvent: '*'
[2022-09-22 19:35:05.231] [exthost] [info] ExtensionService#_doActivateExtension vscode.git-base, startup: true, activationEvent: '*', root cause: vscode.git
[2022-09-22 19:35:05.242] [exthost] [info] ExtensionService#_doActivateExtension vscode.ipynb, startup: true, activationEvent: '*'
[2022-09-22 19:35:05.268] [exthost] [info] ExtensionService#_doActivateExtension TianyangGuan.codemap, startup: true, activationEvent: '*'
[2022-09-22 19:35:05.351] [exthost] [info] ExtensionService#_doActivateExtension vscode.git, startup: true, activationEvent: '*'
[2022-09-22 19:35:05.468] [exthost] [info] ExtensionService#_doActivateExtension vscode.github, startup: true, activationEvent: '*'
[2022-09-22 19:35:05.854] [exthost] [info] ExtensionService#_doActivateExtension vscode.emmet, startup: false, activationEvent: 'onStartupFinished'
[2022-09-22 19:35:05.879] [exthost] [info] ExtensionService#_doActivateExtension vscode.merge-conflict, startup: false, activationEvent: 'onStartupFinished'
[2022-09-22 19:35:05.889] [exthost] [info] Eager extensions activated
[2022-09-22 19:35:29.047] [exthost] [info] ExtensionService#_doActivateExtension ms-vscode.cpptools, startup: false, activationEvent: 'onLanguage:cpp'
[2022-09-22 20:02:24.634] [exthost] [error] [ms-vscode.cpptools] provider FAILED
[2022-09-22 20:02:24.634] [exthost] [error] Error: Pending response rejected since connection got disposed
	at Object.dispose (/home/attuati/.vscode-server/extensions/ms-vscode.cpptools-1.12.4-linux-x64/dist/main.js:53227:27)
	at Object.dispose (/home/attuati/.vscode-server/extensions/ms-vscode.cpptools-1.12.4-linux-x64/dist/main.js:56788:35)
	at LanguageClient.handleConnectionClosed (/home/attuati/.vscode-server/extensions/ms-vscode.cpptools-1.12.4-linux-x64/dist/main.js:56382:34)
	at LanguageClient.handleConnectionClosed (/home/attuati/.vscode-server/extensions/ms-vscode.cpptools-1.12.4-linux-x64/dist/main.js:65000:15)
	at closeHandler (/home/attuati/.vscode-server/extensions/ms-vscode.cpptools-1.12.4-linux-x64/dist/main.js:56369:18)
	at CallbackList.invoke (/home/attuati/.vscode-server/extensions/ms-vscode.cpptools-1.12.4-linux-x64/dist/main.js:53359:39)
	at Emitter.fire (/home/attuati/.vscode-server/extensions/ms-vscode.cpptools-1.12.4-linux-x64/dist/main.js:53421:36)
	at closeHandler (/home/attuati/.vscode-server/extensions/ms-vscode.cpptools-1.12.4-linux-x64/dist/main.js:52391:26)
	at CallbackList.invoke (/home/attuati/.vscode-server/extensions/ms-vscode.cpptools-1.12.4-linux-x64/dist/main.js:53359:39)
	at Emitter.fire (/home/attuati/.vscode-server/extensions/ms-vscode.cpptools-1.12.4-linux-x64/dist/main.js:53421:36)
	at StreamMessageWriter.fireClose (/home/attuati/.vscode-server/extensions/ms-vscode.cpptools-1.12.4-linux-x64/dist/main.js:54290:27)
	at Socket.<anonymous> (/home/attuati/.vscode-server/extensions/ms-vscode.cpptools-1.12.4-linux-x64/dist/main.js:54322:42)
	at Socket.emit (node:events:526:28)
	at Pipe.<anonymous> (node:net:687:12)
[2022-09-22 20:02:24.634] [exthost] [error] [ms-vscode.cpptools] provider FAILED
[2022-09-22 20:02:24.634] [exthost] [error] Error: Pending response rejected since connection got disposed
	at Object.dispose (/home/attuati/.vscode-server/extensions/ms-vscode.cpptools-1.12.4-linux-x64/dist/main.js:53227:27)
	at Object.dispose (/home/attuati/.vscode-server/extensions/ms-vscode.cpptools-1.12.4-linux-x64/dist/main.js:56788:35)
	at LanguageClient.handleConnectionClosed (/home/attuati/.vscode-server/extensions/ms-vscode.cpptools-1.12.4-linux-x64/dist/main.js:56382:34)
	at LanguageClient.handleConnectionClosed (/home/attuati/.vscode-server/extensions/ms-vscode.cpptools-1.12.4-linux-x64/dist/main.js:65000:15)
	at closeHandler (/home/attuati/.vscode-server/extensions/ms-vscode.cpptools-1.12.4-linux-x64/dist/main.js:56369:18)
	at CallbackList.invoke (/home/attuati/.vscode-server/extensions/ms-vscode.cpptools-1.12.4-linux-x64/dist/main.js:53359:39)
	at Emitter.fire (/home/attuati/.vscode-server/extensions/ms-vscode.cpptools-1.12.4-linux-x64/dist/main.js:53421:36)
	at closeHandler (/home/attuati/.vscode-server/extensions/ms-vscode.cpptools-1.12.4-linux-x64/dist/main.js:52391:26)
	at CallbackList.invoke (/home/attuati/.vscode-server/extensions/ms-vscode.cpptools-1.12.4-linux-x64/dist/main.js:53359:39)
	at Emitter.fire (/home/attuati/.vscode-server/extensions/ms-vscode.cpptools-1.12.4-linux-x64/dist/main.js:53421:36)
	at StreamMessageWriter.fireClose (/home/attuati/.vscode-server/extensions/ms-vscode.cpptools-1.12.4-linux-x64/dist/main.js:54290:27)
	at Socket.<anonymous> (/home/attuati/.vscode-server/extensions/ms-vscode.cpptools-1.12.4-linux-x64/dist/main.js:54322:42)
	at Socket.emit (node:events:526:28)
	at Pipe.<anonymous> (node:net:687:12)
[2022-09-22 20:02:24.634] [exthost] [error] [ms-vscode.cpptools] provider FAILED
[2022-09-22 20:02:24.634] [exthost] [error] Error: Pending response rejected since connection got disposed
	at Object.dispose (/home/attuati/.vscode-server/extensions/ms-vscode.cpptools-1.12.4-linux-x64/dist/main.js:53227:27)
	at Object.dispose (/home/attuati/.vscode-server/extensions/ms-vscode.cpptools-1.12.4-linux-x64/dist/main.js:56788:35)
	at LanguageClient.handleConnectionClosed (/home/attuati/.vscode-server/extensions/ms-vscode.cpptools-1.12.4-linux-x64/dist/main.js:56382:34)
	at LanguageClient.handleConnectionClosed (/home/attuati/.vscode-server/extensions/ms-vscode.cpptools-1.12.4-linux-x64/dist/main.js:65000:15)
	at closeHandler (/home/attuati/.vscode-server/extensions/ms-vscode.cpptools-1.12.4-linux-x64/dist/main.js:56369:18)
	at CallbackList.invoke (/home/attuati/.vscode-server/extensions/ms-vscode.cpptools-1.12.4-linux-x64/dist/main.js:53359:39)
	at Emitter.fire (/home/attuati/.vscode-server/extensions/ms-vscode.cpptools-1.12.4-linux-x64/dist/main.js:53421:36)
	at closeHandler (/home/attuati/.vscode-server/extensions/ms-vscode.cpptools-1.12.4-linux-x64/dist/main.js:52391:26)
	at CallbackList.invoke (/home/attuati/.vscode-server/extensions/ms-vscode.cpptools-1.12.4-linux-x64/dist/main.js:53359:39)
	at Emitter.fire (/home/attuati/.vscode-server/extensions/ms-vscode.cpptools-1.12.4-linux-x64/dist/main.js:53421:36)
	at StreamMessageWriter.fireClose (/home/attuati/.vscode-server/extensions/ms-vscode.cpptools-1.12.4-linux-x64/dist/main.js:54290:27)
	at Socket.<anonymous> (/home/attuati/.vscode-server/extensions/ms-vscode.cpptools-1.12.4-linux-x64/dist/main.js:54322:42)
	at Socket.emit (node:events:526:28)
	at Pipe.<anonymous> (node:net:687:12)
[2022-09-22 20:02:24.634] [exthost] [error] [ms-vscode.cpptools] provider FAILED
[2022-09-22 20:02:24.634] [exthost] [error] Error: Pending response rejected since connection got disposed
	at Object.dispose (/home/attuati/.vscode-server/extensions/ms-vscode.cpptools-1.12.4-linux-x64/dist/main.js:53227:27)
	at Object.dispose (/home/attuati/.vscode-server/extensions/ms-vscode.cpptools-1.12.4-linux-x64/dist/main.js:56788:35)
	at LanguageClient.handleConnectionClosed (/home/attuati/.vscode-server/extensions/ms-vscode.cpptools-1.12.4-linux-x64/dist/main.js:56382:34)
	at LanguageClient.handleConnectionClosed (/home/attuati/.vscode-server/extensions/ms-vscode.cpptools-1.12.4-linux-x64/dist/main.js:65000:15)
	at closeHandler (/home/attuati/.vscode-server/extensions/ms-vscode.cpptools-1.12.4-linux-x64/dist/main.js:56369:18)
	at CallbackList.invoke (/home/attuati/.vscode-server/extensions/ms-vscode.cpptools-1.12.4-linux-x64/dist/main.js:53359:39)
	at Emitter.fire (/home/attuati/.vscode-server/extensions/ms-vscode.cpptools-1.12.4-linux-x64/dist/main.js:53421:36)
	at closeHandler (/home/attuati/.vscode-server/extensions/ms-vscode.cpptools-1.12.4-linux-x64/dist/main.js:52391:26)
	at CallbackList.invoke (/home/attuati/.vscode-server/extensions/ms-vscode.cpptools-1.12.4-linux-x64/dist/main.js:53359:39)
	at Emitter.fire (/home/attuati/.vscode-server/extensions/ms-vscode.cpptools-1.12.4-linux-x64/dist/main.js:53421:36)
	at StreamMessageWriter.fireClose (/home/attuati/.vscode-server/extensions/ms-vscode.cpptools-1.12.4-linux-x64/dist/main.js:54290:27)
	at Socket.<anonymous> (/home/attuati/.vscode-server/extensions/ms-vscode.cpptools-1.12.4-linux-x64/dist/main.js:54322:42)
	at Socket.emit (node:events:526:28)
	at Pipe.<anonymous> (node:net:687:12)
[2022-09-22 20:02:24.634] [exthost] [error] [ms-vscode.cpptools] provider FAILED
[2022-09-22 20:02:24.634] [exthost] [error] Error: Pending response rejected since connection got disposed
	at Object.dispose (/home/attuati/.vscode-server/extensions/ms-vscode.cpptools-1.12.4-linux-x64/dist/main.js:53227:27)
	at Object.dispose (/home/attuati/.vscode-server/extensions/ms-vscode.cpptools-1.12.4-linux-x64/dist/main.js:56788:35)
	at LanguageClient.handleConnectionClosed (/home/attuati/.vscode-server/extensions/ms-vscode.cpptools-1.12.4-linux-x64/dist/main.js:56382:34)
	at LanguageClient.handleConnectionClosed (/home/attuati/.vscode-server/extensions/ms-vscode.cpptools-1.12.4-linux-x64/dist/main.js:65000:15)
	at closeHandler (/home/attuati/.vscode-server/extensions/ms-vscode.cpptools-1.12.4-linux-x64/dist/main.js:56369:18)
	at CallbackList.invoke (/home/attuati/.vscode-server/extensions/ms-vscode.cpptools-1.12.4-linux-x64/dist/main.js:53359:39)
	at Emitter.fire (/home/attuati/.vscode-server/extensions/ms-vscode.cpptools-1.12.4-linux-x64/dist/main.js:53421:36)
	at closeHandler (/home/attuati/.vscode-server/extensions/ms-vscode.cpptools-1.12.4-linux-x64/dist/main.js:52391:26)
	at CallbackList.invoke (/home/attuati/.vscode-server/extensions/ms-vscode.cpptools-1.12.4-linux-x64/dist/main.js:53359:39)
	at Emitter.fire (/home/attuati/.vscode-server/extensions/ms-vscode.cpptools-1.12.4-linux-x64/dist/main.js:53421:36)
	at StreamMessageWriter.fireClose (/home/attuati/.vscode-server/extensions/ms-vscode.cpptools-1.12.4-linux-x64/dist/main.js:54290:27)
	at Socket.<anonymous> (/home/attuati/.vscode-server/extensions/ms-vscode.cpptools-1.12.4-linux-x64/dist/main.js:54322:42)
	at Socket.emit (node:events:526:28)
	at Pipe.<anonymous> (node:net:687:12)
[2022-09-22 20:02:24.634] [exthost] [error] [ms-vscode.cpptools] provider FAILED
[2022-09-22 20:02:24.634] [exthost] [error] Error: Pending response rejected since connection got disposed
	at Object.dispose (/home/attuati/.vscode-server/extensions/ms-vscode.cpptools-1.12.4-linux-x64/dist/main.js:53227:27)
	at Object.dispose (/home/attuati/.vscode-server/extensions/ms-vscode.cpptools-1.12.4-linux-x64/dist/main.js:56788:35)
	at LanguageClient.handleConnectionClosed (/home/attuati/.vscode-server/extensions/ms-vscode.cpptools-1.12.4-linux-x64/dist/main.js:56382:34)
	at LanguageClient.handleConnectionClosed (/home/attuati/.vscode-server/extensions/ms-vscode.cpptools-1.12.4-linux-x64/dist/main.js:65000:15)
	at closeHandler (/home/attuati/.vscode-server/extensions/ms-vscode.cpptools-1.12.4-linux-x64/dist/main.js:56369:18)
	at CallbackList.invoke (/home/attuati/.vscode-server/extensions/ms-vscode.cpptools-1.12.4-linux-x64/dist/main.js:53359:39)
	at Emitter.fire (/home/attuati/.vscode-server/extensions/ms-vscode.cpptools-1.12.4-linux-x64/dist/main.js:53421:36)
	at closeHandler (/home/attuati/.vscode-server/extensions/ms-vscode.cpptools-1.12.4-linux-x64/dist/main.js:52391:26)
	at CallbackList.invoke (/home/attuati/.vscode-server/extensions/ms-vscode.cpptools-1.12.4-linux-x64/dist/main.js:53359:39)
	at Emitter.fire (/home/attuati/.vscode-server/extensions/ms-vscode.cpptools-1.12.4-linux-x64/dist/main.js:53421:36)
	at StreamMessageWriter.fireClose (/home/attuati/.vscode-server/extensions/ms-vscode.cpptools-1.12.4-linux-x64/dist/main.js:54290:27)
	at Socket.<anonymous> (/home/attuati/.vscode-server/extensions/ms-vscode.cpptools-1.12.4-linux-x64/dist/main.js:54322:42)
	at Socket.emit (node:events:526:28)
	at Pipe.<anonymous> (node:net:687:12)
[2022-09-22 20:02:24.634] [exthost] [error] [ms-vscode.cpptools] provider FAILED
[2022-09-22 20:02:24.634] [exthost] [error] Error: Pending response rejected since connection got disposed
	at Object.dispose (/home/attuati/.vscode-server/extensions/ms-vscode.cpptools-1.12.4-linux-x64/dist/main.js:53227:27)
	at Object.dispose (/home/attuati/.vscode-server/extensions/ms-vscode.cpptools-1.12.4-linux-x64/dist/main.js:56788:35)
	at LanguageClient.handleConnectionClosed (/home/attuati/.vscode-server/extensions/ms-vscode.cpptools-1.12.4-linux-x64/dist/main.js:56382:34)
	at LanguageClient.handleConnectionClosed (/home/attuati/.vscode-server/extensions/ms-vscode.cpptools-1.12.4-linux-x64/dist/main.js:65000:15)
	at closeHandler (/home/attuati/.vscode-server/extensions/ms-vscode.cpptools-1.12.4-linux-x64/dist/main.js:56369:18)
	at CallbackList.invoke (/home/attuati/.vscode-server/extensions/ms-vscode.cpptools-1.12.4-linux-x64/dist/main.js:53359:39)
	at Emitter.fire (/home/attuati/.vscode-server/extensions/ms-vscode.cpptools-1.12.4-linux-x64/dist/main.js:53421:36)
	at closeHandler (/home/attuati/.vscode-server/extensions/ms-vscode.cpptools-1.12.4-linux-x64/dist/main.js:52391:26)
	at CallbackList.invoke (/home/attuati/.vscode-server/extensions/ms-vscode.cpptools-1.12.4-linux-x64/dist/main.js:53359:39)
	at Emitter.fire (/home/attuati/.vscode-server/extensions/ms-vscode.cpptools-1.12.4-linux-x64/dist/main.js:53421:36)
	at StreamMessageWriter.fireClose (/home/attuati/.vscode-server/extensions/ms-vscode.cpptools-1.12.4-linux-x64/dist/main.js:54290:27)
	at Socket.<anonymous> (/home/attuati/.vscode-server/extensions/ms-vscode.cpptools-1.12.4-linux-x64/dist/main.js:54322:42)
	at Socket.emit (node:events:526:28)
	at Pipe.<anonymous> (node:net:687:12)
[2022-09-22 20:02:24.634] [exthost] [error] [ms-vscode.cpptools] provider FAILED
[2022-09-22 20:02:24.634] [exthost] [error] Error: Pending response rejected since connection got disposed
	at Object.dispose (/home/attuati/.vscode-server/extensions/ms-vscode.cpptools-1.12.4-linux-x64/dist/main.js:53227:27)
	at Object.dispose (/home/attuati/.vscode-server/extensions/ms-vscode.cpptools-1.12.4-linux-x64/dist/main.js:56788:35)
	at LanguageClient.handleConnectionClosed (/home/attuati/.vscode-server/extensions/ms-vscode.cpptools-1.12.4-linux-x64/dist/main.js:56382:34)
	at LanguageClient.handleConnectionClosed (/home/attuati/.vscode-server/extensions/ms-vscode.cpptools-1.12.4-linux-x64/dist/main.js:65000:15)
	at closeHandler (/home/attuati/.vscode-server/extensions/ms-vscode.cpptools-1.12.4-linux-x64/dist/main.js:56369:18)
	at CallbackList.invoke (/home/attuati/.vscode-server/extensions/ms-vscode.cpptools-1.12.4-linux-x64/dist/main.js:53359:39)
	at Emitter.fire (/home/attuati/.vscode-server/extensions/ms-vscode.cpptools-1.12.4-linux-x64/dist/main.js:53421:36)
	at closeHandler (/home/attuati/.vscode-server/extensions/ms-vscode.cpptools-1.12.4-linux-x64/dist/main.js:52391:26)
	at CallbackList.invoke (/home/attuati/.vscode-server/extensions/ms-vscode.cpptools-1.12.4-linux-x64/dist/main.js:53359:39)
	at Emitter.fire (/home/attuati/.vscode-server/extensions/ms-vscode.cpptools-1.12.4-linux-x64/dist/main.js:53421:36)
	at StreamMessageWriter.fireClose (/home/attuati/.vscode-server/extensions/ms-vscode.cpptools-1.12.4-linux-x64/dist/main.js:54290:27)
	at Socket.<anonymous> (/home/attuati/.vscode-server/extensions/ms-vscode.cpptools-1.12.4-linux-x64/dist/main.js:54322:42)
	at Socket.emit (node:events:526:28)
	at Pipe.<anonymous> (node:net:687:12)
[2022-09-22 20:02:24.634] [exthost] [error] [ms-vscode.cpptools] provider FAILED
[2022-09-22 20:02:24.634] [exthost] [error] Error: Pending response rejected since connection got disposed
	at Object.dispose (/home/attuati/.vscode-server/extensions/ms-vscode.cpptools-1.12.4-linux-x64/dist/main.js:53227:27)
	at Object.dispose (/home/attuati/.vscode-server/extensions/ms-vscode.cpptools-1.12.4-linux-x64/dist/main.js:56788:35)
	at LanguageClient.handleConnectionClosed (/home/attuati/.vscode-server/extensions/ms-vscode.cpptools-1.12.4-linux-x64/dist/main.js:56382:34)
	at LanguageClient.handleConnectionClosed (/home/attuati/.vscode-server/extensions/ms-vscode.cpptools-1.12.4-linux-x64/dist/main.js:65000:15)
	at closeHandler (/home/attuati/.vscode-server/extensions/ms-vscode.cpptools-1.12.4-linux-x64/dist/main.js:56369:18)
	at CallbackList.invoke (/home/attuati/.vscode-server/extensions/ms-vscode.cpptools-1.12.4-linux-x64/dist/main.js:53359:39)
	at Emitter.fire (/home/attuati/.vscode-server/extensions/ms-vscode.cpptools-1.12.4-linux-x64/dist/main.js:53421:36)
	at closeHandler (/home/attuati/.vscode-server/extensions/ms-vscode.cpptools-1.12.4-linux-x64/dist/main.js:52391:26)
	at CallbackList.invoke (/home/attuati/.vscode-server/extensions/ms-vscode.cpptools-1.12.4-linux-x64/dist/main.js:53359:39)
	at Emitter.fire (/home/attuati/.vscode-server/extensions/ms-vscode.cpptools-1.12.4-linux-x64/dist/main.js:53421:36)
	at StreamMessageWriter.fireClose (/home/attuati/.vscode-server/extensions/ms-vscode.cpptools-1.12.4-linux-x64/dist/main.js:54290:27)
	at Socket.<anonymous> (/home/attuati/.vscode-server/extensions/ms-vscode.cpptools-1.12.4-linux-x64/dist/main.js:54322:42)
	at Socket.emit (node:events:526:28)
	at Pipe.<anonymous> (node:net:687:12)
[2022-09-22 20:02:24.635] [exthost] [error] [ms-vscode.cpptools] provider FAILED
[2022-09-22 20:02:24.635] [exthost] [error] Error: Pending response rejected since connection got disposed
	at Object.dispose (/home/attuati/.vscode-server/extensions/ms-vscode.cpptools-1.12.4-linux-x64/dist/main.js:53227:27)
	at Object.dispose (/home/attuati/.vscode-server/extensions/ms-vscode.cpptools-1.12.4-linux-x64/dist/main.js:56788:35)
	at LanguageClient.handleConnectionClosed (/home/attuati/.vscode-server/extensions/ms-vscode.cpptools-1.12.4-linux-x64/dist/main.js:56382:34)
	at LanguageClient.handleConnectionClosed (/home/attuati/.vscode-server/extensions/ms-vscode.cpptools-1.12.4-linux-x64/dist/main.js:65000:15)
	at closeHandler (/home/attuati/.vscode-server/extensions/ms-vscode.cpptools-1.12.4-linux-x64/dist/main.js:56369:18)
	at CallbackList.invoke (/home/attuati/.vscode-server/extensions/ms-vscode.cpptools-1.12.4-linux-x64/dist/main.js:53359:39)
	at Emitter.fire (/home/attuati/.vscode-server/extensions/ms-vscode.cpptools-1.12.4-linux-x64/dist/main.js:53421:36)
	at closeHandler (/home/attuati/.vscode-server/extensions/ms-vscode.cpptools-1.12.4-linux-x64/dist/main.js:52391:26)
	at CallbackList.invoke (/home/attuati/.vscode-server/extensions/ms-vscode.cpptools-1.12.4-linux-x64/dist/main.js:53359:39)
	at Emitter.fire (/home/attuati/.vscode-server/extensions/ms-vscode.cpptools-1.12.4-linux-x64/dist/main.js:53421:36)
	at StreamMessageWriter.fireClose (/home/attuati/.vscode-server/extensions/ms-vscode.cpptools-1.12.4-linux-x64/dist/main.js:54290:27)
	at Socket.<anonymous> (/home/attuati/.vscode-server/extensions/ms-vscode.cpptools-1.12.4-linux-x64/dist/main.js:54322:42)
	at Socket.emit (node:events:526:28)
	at Pipe.<anonymous> (node:net:687:12)
[2022-09-22 20:02:24.640] [exthost] [error] [ms-vscode.cpptools] provider FAILED
[2022-09-22 20:02:24.640] [exthost] [error] Error: Pending response rejected since connection got disposed
	at Object.dispose (/home/attuati/.vscode-server/extensions/ms-vscode.cpptools-1.12.4-linux-x64/dist/main.js:53227:27)
	at Object.dispose (/home/attuati/.vscode-server/extensions/ms-vscode.cpptools-1.12.4-linux-x64/dist/main.js:56788:35)
	at LanguageClient.handleConnectionClosed (/home/attuati/.vscode-server/extensions/ms-vscode.cpptools-1.12.4-linux-x64/dist/main.js:56382:34)
	at LanguageClient.handleConnectionClosed (/home/attuati/.vscode-server/extensions/ms-vscode.cpptools-1.12.4-linux-x64/dist/main.js:65000:15)
	at closeHandler (/home/attuati/.vscode-server/extensions/ms-vscode.cpptools-1.12.4-linux-x64/dist/main.js:56369:18)
	at CallbackList.invoke (/home/attuati/.vscode-server/extensions/ms-vscode.cpptools-1.12.4-linux-x64/dist/main.js:53359:39)
	at Emitter.fire (/home/attuati/.vscode-server/extensions/ms-vscode.cpptools-1.12.4-linux-x64/dist/main.js:53421:36)
	at closeHandler (/home/attuati/.vscode-server/extensions/ms-vscode.cpptools-1.12.4-linux-x64/dist/main.js:52391:26)
	at CallbackList.invoke (/home/attuati/.vscode-server/extensions/ms-vscode.cpptools-1.12.4-linux-x64/dist/main.js:53359:39)
	at Emitter.fire (/home/attuati/.vscode-server/extensions/ms-vscode.cpptools-1.12.4-linux-x64/dist/main.js:53421:36)
	at StreamMessageWriter.fireClose (/home/attuati/.vscode-server/extensions/ms-vscode.cpptools-1.12.4-linux-x64/dist/main.js:54290:27)
	at Socket.<anonymous> (/home/attuati/.vscode-server/extensions/ms-vscode.cpptools-1.12.4-linux-x64/dist/main.js:54322:42)
	at Socket.emit (node:events:526:28)
	at Pipe.<anonymous> (node:net:687:12)
[2022-09-22 20:02:24.640] [exthost] [error] [ms-vscode.cpptools] provider FAILED
[2022-09-22 20:02:24.640] [exthost] [error] Error: Pending response rejected since connection got disposed
	at Object.dispose (/home/attuati/.vscode-server/extensions/ms-vscode.cpptools-1.12.4-linux-x64/dist/main.js:53227:27)
	at Object.dispose (/home/attuati/.vscode-server/extensions/ms-vscode.cpptools-1.12.4-linux-x64/dist/main.js:56788:35)
	at LanguageClient.handleConnectionClosed (/home/attuati/.vscode-server/extensions/ms-vscode.cpptools-1.12.4-linux-x64/dist/main.js:56382:34)
	at LanguageClient.handleConnectionClosed (/home/attuati/.vscode-server/extensions/ms-vscode.cpptools-1.12.4-linux-x64/dist/main.js:65000:15)
	at closeHandler (/home/attuati/.vscode-server/extensions/ms-vscode.cpptools-1.12.4-linux-x64/dist/main.js:56369:18)
	at CallbackList.invoke (/home/attuati/.vscode-server/extensions/ms-vscode.cpptools-1.12.4-linux-x64/dist/main.js:53359:39)
	at Emitter.fire (/home/attuati/.vscode-server/extensions/ms-vscode.cpptools-1.12.4-linux-x64/dist/main.js:53421:36)
	at closeHandler (/home/attuati/.vscode-server/extensions/ms-vscode.cpptools-1.12.4-linux-x64/dist/main.js:52391:26)
	at CallbackList.invoke (/home/attuati/.vscode-server/extensions/ms-vscode.cpptools-1.12.4-linux-x64/dist/main.js:53359:39)
	at Emitter.fire (/home/attuati/.vscode-server/extensions/ms-vscode.cpptools-1.12.4-linux-x64/dist/main.js:53421:36)
	at StreamMessageWriter.fireClose (/home/attuati/.vscode-server/extensions/ms-vscode.cpptools-1.12.4-linux-x64/dist/main.js:54290:27)
	at Socket.<anonymous> (/home/attuati/.vscode-server/extensions/ms-vscode.cpptools-1.12.4-linux-x64/dist/main.js:54322:42)
	at Socket.emit (node:events:526:28)
	at Pipe.<anonymous> (node:net:687:12)
[2022-09-22 20:02:24.640] [exthost] [error] [ms-vscode.cpptools] provider FAILED
[2022-09-22 20:02:24.640] [exthost] [error] Error: Pending response rejected since connection got disposed
	at Object.dispose (/home/attuati/.vscode-server/extensions/ms-vscode.cpptools-1.12.4-linux-x64/dist/main.js:53227:27)
	at Object.dispose (/home/attuati/.vscode-server/extensions/ms-vscode.cpptools-1.12.4-linux-x64/dist/main.js:56788:35)
	at LanguageClient.handleConnectionClosed (/home/attuati/.vscode-server/extensions/ms-vscode.cpptools-1.12.4-linux-x64/dist/main.js:56382:34)
	at LanguageClient.handleConnectionClosed (/home/attuati/.vscode-server/extensions/ms-vscode.cpptools-1.12.4-linux-x64/dist/main.js:65000:15)
	at closeHandler (/home/attuati/.vscode-server/extensions/ms-vscode.cpptools-1.12.4-linux-x64/dist/main.js:56369:18)
	at CallbackList.invoke (/home/attuati/.vscode-server/extensions/ms-vscode.cpptools-1.12.4-linux-x64/dist/main.js:53359:39)
	at Emitter.fire (/home/attuati/.vscode-server/extensions/ms-vscode.cpptools-1.12.4-linux-x64/dist/main.js:53421:36)
	at closeHandler (/home/attuati/.vscode-server/extensions/ms-vscode.cpptools-1.12.4-linux-x64/dist/main.js:52391:26)
	at CallbackList.invoke (/home/attuati/.vscode-server/extensions/ms-vscode.cpptools-1.12.4-linux-x64/dist/main.js:53359:39)
	at Emitter.fire (/home/attuati/.vscode-server/extensions/ms-vscode.cpptools-1.12.4-linux-x64/dist/main.js:53421:36)
	at StreamMessageWriter.fireClose (/home/attuati/.vscode-server/extensions/ms-vscode.cpptools-1.12.4-linux-x64/dist/main.js:54290:27)
	at Socket.<anonymous> (/home/attuati/.vscode-server/extensions/ms-vscode.cpptools-1.12.4-linux-x64/dist/main.js:54322:42)
	at Socket.emit (node:events:526:28)
	at Pipe.<anonymous> (node:net:687:12)
[2022-09-22 20:02:24.640] [exthost] [error] [ms-vscode.cpptools] provider FAILED
[2022-09-22 20:02:24.640] [exthost] [error] Error: Pending response rejected since connection got disposed
	at Object.dispose (/home/attuati/.vscode-server/extensions/ms-vscode.cpptools-1.12.4-linux-x64/dist/main.js:53227:27)
	at Object.dispose (/home/attuati/.vscode-server/extensions/ms-vscode.cpptools-1.12.4-linux-x64/dist/main.js:56788:35)
	at LanguageClient.handleConnectionClosed (/home/attuati/.vscode-server/extensions/ms-vscode.cpptools-1.12.4-linux-x64/dist/main.js:56382:34)
	at LanguageClient.handleConnectionClosed (/home/attuati/.vscode-server/extensions/ms-vscode.cpptools-1.12.4-linux-x64/dist/main.js:65000:15)
	at closeHandler (/home/attuati/.vscode-server/extensions/ms-vscode.cpptools-1.12.4-linux-x64/dist/main.js:56369:18)
	at CallbackList.invoke (/home/attuati/.vscode-server/extensions/ms-vscode.cpptools-1.12.4-linux-x64/dist/main.js:53359:39)
	at Emitter.fire (/home/attuati/.vscode-server/extensions/ms-vscode.cpptools-1.12.4-linux-x64/dist/main.js:53421:36)
	at closeHandler (/home/attuati/.vscode-server/extensions/ms-vscode.cpptools-1.12.4-linux-x64/dist/main.js:52391:26)
	at CallbackList.invoke (/home/attuati/.vscode-server/extensions/ms-vscode.cpptools-1.12.4-linux-x64/dist/main.js:53359:39)
	at Emitter.fire (/home/attuati/.vscode-server/extensions/ms-vscode.cpptools-1.12.4-linux-x64/dist/main.js:53421:36)
	at StreamMessageWriter.fireClose (/home/attuati/.vscode-server/extensions/ms-vscode.cpptools-1.12.4-linux-x64/dist/main.js:54290:27)
	at Socket.<anonymous> (/home/attuati/.vscode-server/extensions/ms-vscode.cpptools-1.12.4-linux-x64/dist/main.js:54322:42)
	at Socket.emit (node:events:526:28)
	at Pipe.<anonymous> (node:net:687:12)
[2022-09-22 20:02:24.640] [exthost] [error] [ms-vscode.cpptools] provider FAILED
[2022-09-22 20:02:24.640] [exthost] [error] Error: Pending response rejected since connection got disposed
	at Object.dispose (/home/attuati/.vscode-server/extensions/ms-vscode.cpptools-1.12.4-linux-x64/dist/main.js:53227:27)
	at Object.dispose (/home/attuati/.vscode-server/extensions/ms-vscode.cpptools-1.12.4-linux-x64/dist/main.js:56788:35)
	at LanguageClient.handleConnectionClosed (/home/attuati/.vscode-server/extensions/ms-vscode.cpptools-1.12.4-linux-x64/dist/main.js:56382:34)
	at LanguageClient.handleConnectionClosed (/home/attuati/.vscode-server/extensions/ms-vscode.cpptools-1.12.4-linux-x64/dist/main.js:65000:15)
	at closeHandler (/home/attuati/.vscode-server/extensions/ms-vscode.cpptools-1.12.4-linux-x64/dist/main.js:56369:18)
	at CallbackList.invoke (/home/attuati/.vscode-server/extensions/ms-vscode.cpptools-1.12.4-linux-x64/dist/main.js:53359:39)
	at Emitter.fire (/home/attuati/.vscode-server/extensions/ms-vscode.cpptools-1.12.4-linux-x64/dist/main.js:53421:36)
	at closeHandler (/home/attuati/.vscode-server/extensions/ms-vscode.cpptools-1.12.4-linux-x64/dist/main.js:52391:26)
	at CallbackList.invoke (/home/attuati/.vscode-server/extensions/ms-vscode.cpptools-1.12.4-linux-x64/dist/main.js:53359:39)
	at Emitter.fire (/home/attuati/.vscode-server/extensions/ms-vscode.cpptools-1.12.4-linux-x64/dist/main.js:53421:36)
	at StreamMessageWriter.fireClose (/home/attuati/.vscode-server/extensions/ms-vscode.cpptools-1.12.4-linux-x64/dist/main.js:54290:27)
	at Socket.<anonymous> (/home/attuati/.vscode-server/extensions/ms-vscode.cpptools-1.12.4-linux-x64/dist/main.js:54322:42)
	at Socket.emit (node:events:526:28)
	at Pipe.<anonymous> (node:net:687:12)
[2022-09-22 20:02:24.640] [exthost] [error] [ms-vscode.cpptools] provider FAILED
[2022-09-22 20:02:24.640] [exthost] [error] Error: Pending response rejected since connection got disposed
	at Object.dispose (/home/attuati/.vscode-server/extensions/ms-vscode.cpptools-1.12.4-linux-x64/dist/main.js:53227:27)
	at Object.dispose (/home/attuati/.vscode-server/extensions/ms-vscode.cpptools-1.12.4-linux-x64/dist/main.js:56788:35)
	at LanguageClient.handleConnectionClosed (/home/attuati/.vscode-server/extensions/ms-vscode.cpptools-1.12.4-linux-x64/dist/main.js:56382:34)
	at LanguageClient.handleConnectionClosed (/home/attuati/.vscode-server/extensions/ms-vscode.cpptools-1.12.4-linux-x64/dist/main.js:65000:15)
	at closeHandler (/home/attuati/.vscode-server/extensions/ms-vscode.cpptools-1.12.4-linux-x64/dist/main.js:56369:18)
	at CallbackList.invoke (/home/attuati/.vscode-server/extensions/ms-vscode.cpptools-1.12.4-linux-x64/dist/main.js:53359:39)
	at Emitter.fire (/home/attuati/.vscode-server/extensions/ms-vscode.cpptools-1.12.4-linux-x64/dist/main.js:53421:36)
	at closeHandler (/home/attuati/.vscode-server/extensions/ms-vscode.cpptools-1.12.4-linux-x64/dist/main.js:52391:26)
	at CallbackList.invoke (/home/attuati/.vscode-server/extensions/ms-vscode.cpptools-1.12.4-linux-x64/dist/main.js:53359:39)
	at Emitter.fire (/home/attuati/.vscode-server/extensions/ms-vscode.cpptools-1.12.4-linux-x64/dist/main.js:53421:36)
	at StreamMessageWriter.fireClose (/home/attuati/.vscode-server/extensions/ms-vscode.cpptools-1.12.4-linux-x64/dist/main.js:54290:27)
	at Socket.<anonymous> (/home/attuati/.vscode-server/extensions/ms-vscode.cpptools-1.12.4-linux-x64/dist/main.js:54322:42)
	at Socket.emit (node:events:526:28)
	at Pipe.<anonymous> (node:net:687:12)
[2022-09-22 20:02:24.640] [exthost] [error] [ms-vscode.cpptools] provider FAILED
[2022-09-22 20:02:24.640] [exthost] [error] Error: Pending response rejected since connection got disposed
	at Object.dispose (/home/attuati/.vscode-server/extensions/ms-vscode.cpptools-1.12.4-linux-x64/dist/main.js:53227:27)
	at Object.dispose (/home/attuati/.vscode-server/extensions/ms-vscode.cpptools-1.12.4-linux-x64/dist/main.js:56788:35)
	at LanguageClient.handleConnectionClosed (/home/attuati/.vscode-server/extensions/ms-vscode.cpptools-1.12.4-linux-x64/dist/main.js:56382:34)
	at LanguageClient.handleConnectionClosed (/home/attuati/.vscode-server/extensions/ms-vscode.cpptools-1.12.4-linux-x64/dist/main.js:65000:15)
	at closeHandler (/home/attuati/.vscode-server/extensions/ms-vscode.cpptools-1.12.4-linux-x64/dist/main.js:56369:18)
	at CallbackList.invoke (/home/attuati/.vscode-server/extensions/ms-vscode.cpptools-1.12.4-linux-x64/dist/main.js:53359:39)
	at Emitter.fire (/home/attuati/.vscode-server/extensions/ms-vscode.cpptools-1.12.4-linux-x64/dist/main.js:53421:36)
	at closeHandler (/home/attuati/.vscode-server/extensions/ms-vscode.cpptools-1.12.4-linux-x64/dist/main.js:52391:26)
	at CallbackList.invoke (/home/attuati/.vscode-server/extensions/ms-vscode.cpptools-1.12.4-linux-x64/dist/main.js:53359:39)
	at Emitter.fire (/home/attuati/.vscode-server/extensions/ms-vscode.cpptools-1.12.4-linux-x64/dist/main.js:53421:36)
	at StreamMessageWriter.fireClose (/home/attuati/.vscode-server/extensions/ms-vscode.cpptools-1.12.4-linux-x64/dist/main.js:54290:27)
	at Socket.<anonymous> (/home/attuati/.vscode-server/extensions/ms-vscode.cpptools-1.12.4-linux-x64/dist/main.js:54322:42)
	at Socket.emit (node:events:526:28)
	at Pipe.<anonymous> (node:net:687:12)
[2022-09-22 20:02:24.640] [exthost] [error] [ms-vscode.cpptools] provider FAILED
[2022-09-22 20:02:24.640] [exthost] [error] Error: Pending response rejected since connection got disposed
	at Object.dispose (/home/attuati/.vscode-server/extensions/ms-vscode.cpptools-1.12.4-linux-x64/dist/main.js:53227:27)
	at Object.dispose (/home/attuati/.vscode-server/extensions/ms-vscode.cpptools-1.12.4-linux-x64/dist/main.js:56788:35)
	at LanguageClient.handleConnectionClosed (/home/attuati/.vscode-server/extensions/ms-vscode.cpptools-1.12.4-linux-x64/dist/main.js:56382:34)
	at LanguageClient.handleConnectionClosed (/home/attuati/.vscode-server/extensions/ms-vscode.cpptools-1.12.4-linux-x64/dist/main.js:65000:15)
	at closeHandler (/home/attuati/.vscode-server/extensions/ms-vscode.cpptools-1.12.4-linux-x64/dist/main.js:56369:18)
	at CallbackList.invoke (/home/attuati/.vscode-server/extensions/ms-vscode.cpptools-1.12.4-linux-x64/dist/main.js:53359:39)
	at Emitter.fire (/home/attuati/.vscode-server/extensions/ms-vscode.cpptools-1.12.4-linux-x64/dist/main.js:53421:36)
	at closeHandler (/home/attuati/.vscode-server/extensions/ms-vscode.cpptools-1.12.4-linux-x64/dist/main.js:52391:26)
	at CallbackList.invoke (/home/attuati/.vscode-server/extensions/ms-vscode.cpptools-1.12.4-linux-x64/dist/main.js:53359:39)
	at Emitter.fire (/home/attuati/.vscode-server/extensions/ms-vscode.cpptools-1.12.4-linux-x64/dist/main.js:53421:36)
	at StreamMessageWriter.fireClose (/home/attuati/.vscode-server/extensions/ms-vscode.cpptools-1.12.4-linux-x64/dist/main.js:54290:27)
	at Socket.<anonymous> (/home/attuati/.vscode-server/extensions/ms-vscode.cpptools-1.12.4-linux-x64/dist/main.js:54322:42)
	at Socket.emit (node:events:526:28)
	at Pipe.<anonymous> (node:net:687:12)
[2022-09-22 20:02:24.640] [exthost] [error] [ms-vscode.cpptools] provider FAILED
[2022-09-22 20:02:24.640] [exthost] [error] Error: Pending response rejected since connection got disposed
	at Object.dispose (/home/attuati/.vscode-server/extensions/ms-vscode.cpptools-1.12.4-linux-x64/dist/main.js:53227:27)
	at Object.dispose (/home/attuati/.vscode-server/extensions/ms-vscode.cpptools-1.12.4-linux-x64/dist/main.js:56788:35)
	at LanguageClient.handleConnectionClosed (/home/attuati/.vscode-server/extensions/ms-vscode.cpptools-1.12.4-linux-x64/dist/main.js:56382:34)
	at LanguageClient.handleConnectionClosed (/home/attuati/.vscode-server/extensions/ms-vscode.cpptools-1.12.4-linux-x64/dist/main.js:65000:15)
	at closeHandler (/home/attuati/.vscode-server/extensions/ms-vscode.cpptools-1.12.4-linux-x64/dist/main.js:56369:18)
	at CallbackList.invoke (/home/attuati/.vscode-server/extensions/ms-vscode.cpptools-1.12.4-linux-x64/dist/main.js:53359:39)
	at Emitter.fire (/home/attuati/.vscode-server/extensions/ms-vscode.cpptools-1.12.4-linux-x64/dist/main.js:53421:36)
	at closeHandler (/home/attuati/.vscode-server/extensions/ms-vscode.cpptools-1.12.4-linux-x64/dist/main.js:52391:26)
	at CallbackList.invoke (/home/attuati/.vscode-server/extensions/ms-vscode.cpptools-1.12.4-linux-x64/dist/main.js:53359:39)
	at Emitter.fire (/home/attuati/.vscode-server/extensions/ms-vscode.cpptools-1.12.4-linux-x64/dist/main.js:53421:36)
	at StreamMessageWriter.fireClose (/home/attuati/.vscode-server/extensions/ms-vscode.cpptools-1.12.4-linux-x64/dist/main.js:54290:27)
	at Socket.<anonymous> (/home/attuati/.vscode-server/extensions/ms-vscode.cpptools-1.12.4-linux-x64/dist/main.js:54322:42)
	at Socket.emit (node:events:526:28)
	at Pipe.<anonymous> (node:net:687:12)
[2022-09-22 20:02:24.640] [exthost] [error] [ms-vscode.cpptools] provider FAILED
[2022-09-22 20:02:24.640] [exthost] [error] Error: Pending response rejected since connection got disposed
	at Object.dispose (/home/attuati/.vscode-server/extensions/ms-vscode.cpptools-1.12.4-linux-x64/dist/main.js:53227:27)
	at Object.dispose (/home/attuati/.vscode-server/extensions/ms-vscode.cpptools-1.12.4-linux-x64/dist/main.js:56788:35)
	at LanguageClient.handleConnectionClosed (/home/attuati/.vscode-server/extensions/ms-vscode.cpptools-1.12.4-linux-x64/dist/main.js:56382:34)
	at LanguageClient.handleConnectionClosed (/home/attuati/.vscode-server/extensions/ms-vscode.cpptools-1.12.4-linux-x64/dist/main.js:65000:15)
	at closeHandler (/home/attuati/.vscode-server/extensions/ms-vscode.cpptools-1.12.4-linux-x64/dist/main.js:56369:18)
	at CallbackList.invoke (/home/attuati/.vscode-server/extensions/ms-vscode.cpptools-1.12.4-linux-x64/dist/main.js:53359:39)
	at Emitter.fire (/home/attuati/.vscode-server/extensions/ms-vscode.cpptools-1.12.4-linux-x64/dist/main.js:53421:36)
	at closeHandler (/home/attuati/.vscode-server/extensions/ms-vscode.cpptools-1.12.4-linux-x64/dist/main.js:52391:26)
	at CallbackList.invoke (/home/attuati/.vscode-server/extensions/ms-vscode.cpptools-1.12.4-linux-x64/dist/main.js:53359:39)
	at Emitter.fire (/home/attuati/.vscode-server/extensions/ms-vscode.cpptools-1.12.4-linux-x64/dist/main.js:53421:36)
	at StreamMessageWriter.fireClose (/home/attuati/.vscode-server/extensions/ms-vscode.cpptools-1.12.4-linux-x64/dist/main.js:54290:27)
	at Socket.<anonymous> (/home/attuati/.vscode-server/extensions/ms-vscode.cpptools-1.12.4-linux-x64/dist/main.js:54322:42)
	at Socket.emit (node:events:526:28)
	at Pipe.<anonymous> (node:net:687:12)
[2022-09-22 20:02:24.640] [exthost] [error] [ms-vscode.cpptools] provider FAILED
[2022-09-22 20:02:24.640] [exthost] [error] Error: Pending response rejected since connection got disposed
	at Object.dispose (/home/attuati/.vscode-server/extensions/ms-vscode.cpptools-1.12.4-linux-x64/dist/main.js:53227:27)
	at Object.dispose (/home/attuati/.vscode-server/extensions/ms-vscode.cpptools-1.12.4-linux-x64/dist/main.js:56788:35)
	at LanguageClient.handleConnectionClosed (/home/attuati/.vscode-server/extensions/ms-vscode.cpptools-1.12.4-linux-x64/dist/main.js:56382:34)
	at LanguageClient.handleConnectionClosed (/home/attuati/.vscode-server/extensions/ms-vscode.cpptools-1.12.4-linux-x64/dist/main.js:65000:15)
	at closeHandler (/home/attuati/.vscode-server/extensions/ms-vscode.cpptools-1.12.4-linux-x64/dist/main.js:56369:18)
	at CallbackList.invoke (/home/attuati/.vscode-server/extensions/ms-vscode.cpptools-1.12.4-linux-x64/dist/main.js:53359:39)
	at Emitter.fire (/home/attuati/.vscode-server/extensions/ms-vscode.cpptools-1.12.4-linux-x64/dist/main.js:53421:36)
	at closeHandler (/home/attuati/.vscode-server/extensions/ms-vscode.cpptools-1.12.4-linux-x64/dist/main.js:52391:26)
	at CallbackList.invoke (/home/attuati/.vscode-server/extensions/ms-vscode.cpptools-1.12.4-linux-x64/dist/main.js:53359:39)
	at Emitter.fire (/home/attuati/.vscode-server/extensions/ms-vscode.cpptools-1.12.4-linux-x64/dist/main.js:53421:36)
	at StreamMessageWriter.fireClose (/home/attuati/.vscode-server/extensions/ms-vscode.cpptools-1.12.4-linux-x64/dist/main.js:54290:27)
	at Socket.<anonymous> (/home/attuati/.vscode-server/extensions/ms-vscode.cpptools-1.12.4-linux-x64/dist/main.js:54322:42)
	at Socket.emit (node:events:526:28)
	at Pipe.<anonymous> (node:net:687:12)
[2022-09-22 20:02:24.640] [exthost] [error] [ms-vscode.cpptools] provider FAILED
[2022-09-22 20:02:24.640] [exthost] [error] Error: Pending response rejected since connection got disposed
	at Object.dispose (/home/attuati/.vscode-server/extensions/ms-vscode.cpptools-1.12.4-linux-x64/dist/main.js:53227:27)
	at Object.dispose (/home/attuati/.vscode-server/extensions/ms-vscode.cpptools-1.12.4-linux-x64/dist/main.js:56788:35)
	at LanguageClient.handleConnectionClosed (/home/attuati/.vscode-server/extensions/ms-vscode.cpptools-1.12.4-linux-x64/dist/main.js:56382:34)
	at LanguageClient.handleConnectionClosed (/home/attuati/.vscode-server/extensions/ms-vscode.cpptools-1.12.4-linux-x64/dist/main.js:65000:15)
	at closeHandler (/home/attuati/.vscode-server/extensions/ms-vscode.cpptools-1.12.4-linux-x64/dist/main.js:56369:18)
	at CallbackList.invoke (/home/attuati/.vscode-server/extensions/ms-vscode.cpptools-1.12.4-linux-x64/dist/main.js:53359:39)
	at Emitter.fire (/home/attuati/.vscode-server/extensions/ms-vscode.cpptools-1.12.4-linux-x64/dist/main.js:53421:36)
	at closeHandler (/home/attuati/.vscode-server/extensions/ms-vscode.cpptools-1.12.4-linux-x64/dist/main.js:52391:26)
	at CallbackList.invoke (/home/attuati/.vscode-server/extensions/ms-vscode.cpptools-1.12.4-linux-x64/dist/main.js:53359:39)
	at Emitter.fire (/home/attuati/.vscode-server/extensions/ms-vscode.cpptools-1.12.4-linux-x64/dist/main.js:53421:36)
	at StreamMessageWriter.fireClose (/home/attuati/.vscode-server/extensions/ms-vscode.cpptools-1.12.4-linux-x64/dist/main.js:54290:27)
	at Socket.<anonymous> (/home/attuati/.vscode-server/extensions/ms-vscode.cpptools-1.12.4-linux-x64/dist/main.js:54322:42)
	at Socket.emit (node:events:526:28)
	at Pipe.<anonymous> (node:net:687:12)
[2022-09-22 20:02:24.640] [exthost] [error] [ms-vscode.cpptools] provider FAILED
[2022-09-22 20:02:24.640] [exthost] [error] Error: Pending response rejected since connection got disposed
	at Object.dispose (/home/attuati/.vscode-server/extensions/ms-vscode.cpptools-1.12.4-linux-x64/dist/main.js:53227:27)
	at Object.dispose (/home/attuati/.vscode-server/extensions/ms-vscode.cpptools-1.12.4-linux-x64/dist/main.js:56788:35)
	at LanguageClient.handleConnectionClosed (/home/attuati/.vscode-server/extensions/ms-vscode.cpptools-1.12.4-linux-x64/dist/main.js:56382:34)
	at LanguageClient.handleConnectionClosed (/home/attuati/.vscode-server/extensions/ms-vscode.cpptools-1.12.4-linux-x64/dist/main.js:65000:15)
	at closeHandler (/home/attuati/.vscode-server/extensions/ms-vscode.cpptools-1.12.4-linux-x64/dist/main.js:56369:18)
	at CallbackList.invoke (/home/attuati/.vscode-server/extensions/ms-vscode.cpptools-1.12.4-linux-x64/dist/main.js:53359:39)
	at Emitter.fire (/home/attuati/.vscode-server/extensions/ms-vscode.cpptools-1.12.4-linux-x64/dist/main.js:53421:36)
	at closeHandler (/home/attuati/.vscode-server/extensions/ms-vscode.cpptools-1.12.4-linux-x64/dist/main.js:52391:26)
	at CallbackList.invoke (/home/attuati/.vscode-server/extensions/ms-vscode.cpptools-1.12.4-linux-x64/dist/main.js:53359:39)
	at Emitter.fire (/home/attuati/.vscode-server/extensions/ms-vscode.cpptools-1.12.4-linux-x64/dist/main.js:53421:36)
	at StreamMessageWriter.fireClose (/home/attuati/.vscode-server/extensions/ms-vscode.cpptools-1.12.4-linux-x64/dist/main.js:54290:27)
	at Socket.<anonymous> (/home/attuati/.vscode-server/extensions/ms-vscode.cpptools-1.12.4-linux-x64/dist/main.js:54322:42)
	at Socket.emit (node:events:526:28)
	at Pipe.<anonymous> (node:net:687:12)
[2022-09-22 20:02:24.640] [exthost] [error] [ms-vscode.cpptools] provider FAILED
[2022-09-22 20:02:24.640] [exthost] [error] Error: Pending response rejected since connection got disposed
	at Object.dispose (/home/attuati/.vscode-server/extensions/ms-vscode.cpptools-1.12.4-linux-x64/dist/main.js:53227:27)
	at Object.dispose (/home/attuati/.vscode-server/extensions/ms-vscode.cpptools-1.12.4-linux-x64/dist/main.js:56788:35)
	at LanguageClient.handleConnectionClosed (/home/attuati/.vscode-server/extensions/ms-vscode.cpptools-1.12.4-linux-x64/dist/main.js:56382:34)
	at LanguageClient.handleConnectionClosed (/home/attuati/.vscode-server/extensions/ms-vscode.cpptools-1.12.4-linux-x64/dist/main.js:65000:15)
	at closeHandler (/home/attuati/.vscode-server/extensions/ms-vscode.cpptools-1.12.4-linux-x64/dist/main.js:56369:18)
	at CallbackList.invoke (/home/attuati/.vscode-server/extensions/ms-vscode.cpptools-1.12.4-linux-x64/dist/main.js:53359:39)
	at Emitter.fire (/home/attuati/.vscode-server/extensions/ms-vscode.cpptools-1.12.4-linux-x64/dist/main.js:53421:36)
	at closeHandler (/home/attuati/.vscode-server/extensions/ms-vscode.cpptools-1.12.4-linux-x64/dist/main.js:52391:26)
	at CallbackList.invoke (/home/attuati/.vscode-server/extensions/ms-vscode.cpptools-1.12.4-linux-x64/dist/main.js:53359:39)
	at Emitter.fire (/home/attuati/.vscode-server/extensions/ms-vscode.cpptools-1.12.4-linux-x64/dist/main.js:53421:36)
	at StreamMessageWriter.fireClose (/home/attuati/.vscode-server/extensions/ms-vscode.cpptools-1.12.4-linux-x64/dist/main.js:54290:27)
	at Socket.<anonymous> (/home/attuati/.vscode-server/extensions/ms-vscode.cpptools-1.12.4-linux-x64/dist/main.js:54322:42)
	at Socket.emit (node:events:526:28)
	at Pipe.<anonymous> (node:net:687:12)
[2022-09-22 20:02:24.640] [exthost] [error] [ms-vscode.cpptools] provider FAILED
[2022-09-22 20:02:24.640] [exthost] [error] Error: Pending response rejected since connection got disposed
	at Object.dispose (/home/attuati/.vscode-server/extensions/ms-vscode.cpptools-1.12.4-linux-x64/dist/main.js:53227:27)
	at Object.dispose (/home/attuati/.vscode-server/extensions/ms-vscode.cpptools-1.12.4-linux-x64/dist/main.js:56788:35)
	at LanguageClient.handleConnectionClosed (/home/attuati/.vscode-server/extensions/ms-vscode.cpptools-1.12.4-linux-x64/dist/main.js:56382:34)
	at LanguageClient.handleConnectionClosed (/home/attuati/.vscode-server/extensions/ms-vscode.cpptools-1.12.4-linux-x64/dist/main.js:65000:15)
	at closeHandler (/home/attuati/.vscode-server/extensions/ms-vscode.cpptools-1.12.4-linux-x64/dist/main.js:56369:18)
	at CallbackList.invoke (/home/attuati/.vscode-server/extensions/ms-vscode.cpptools-1.12.4-linux-x64/dist/main.js:53359:39)
	at Emitter.fire (/home/attuati/.vscode-server/extensions/ms-vscode.cpptools-1.12.4-linux-x64/dist/main.js:53421:36)
	at closeHandler (/home/attuati/.vscode-server/extensions/ms-vscode.cpptools-1.12.4-linux-x64/dist/main.js:52391:26)
	at CallbackList.invoke (/home/attuati/.vscode-server/extensions/ms-vscode.cpptools-1.12.4-linux-x64/dist/main.js:53359:39)
	at Emitter.fire (/home/attuati/.vscode-server/extensions/ms-vscode.cpptools-1.12.4-linux-x64/dist/main.js:53421:36)
	at StreamMessageWriter.fireClose (/home/attuati/.vscode-server/extensions/ms-vscode.cpptools-1.12.4-linux-x64/dist/main.js:54290:27)
	at Socket.<anonymous> (/home/attuati/.vscode-server/extensions/ms-vscode.cpptools-1.12.4-linux-x64/dist/main.js:54322:42)
	at Socket.emit (node:events:526:28)
	at Pipe.<anonymous> (node:net:687:12)
[2022-09-22 20:02:24.641] [exthost] [error] [ms-vscode.cpptools] provider FAILED
[2022-09-22 20:02:24.641] [exthost] [error] Error: Pending response rejected since connection got disposed
	at Object.dispose (/home/attuati/.vscode-server/extensions/ms-vscode.cpptools-1.12.4-linux-x64/dist/main.js:53227:27)
	at Object.dispose (/home/attuati/.vscode-server/extensions/ms-vscode.cpptools-1.12.4-linux-x64/dist/main.js:56788:35)
	at LanguageClient.handleConnectionClosed (/home/attuati/.vscode-server/extensions/ms-vscode.cpptools-1.12.4-linux-x64/dist/main.js:56382:34)
	at LanguageClient.handleConnectionClosed (/home/attuati/.vscode-server/extensions/ms-vscode.cpptools-1.12.4-linux-x64/dist/main.js:65000:15)
	at closeHandler (/home/attuati/.vscode-server/extensions/ms-vscode.cpptools-1.12.4-linux-x64/dist/main.js:56369:18)
	at CallbackList.invoke (/home/attuati/.vscode-server/extensions/ms-vscode.cpptools-1.12.4-linux-x64/dist/main.js:53359:39)
	at Emitter.fire (/home/attuati/.vscode-server/extensions/ms-vscode.cpptools-1.12.4-linux-x64/dist/main.js:53421:36)
	at closeHandler (/home/attuati/.vscode-server/extensions/ms-vscode.cpptools-1.12.4-linux-x64/dist/main.js:52391:26)
	at CallbackList.invoke (/home/attuati/.vscode-server/extensions/ms-vscode.cpptools-1.12.4-linux-x64/dist/main.js:53359:39)
	at Emitter.fire (/home/attuati/.vscode-server/extensions/ms-vscode.cpptools-1.12.4-linux-x64/dist/main.js:53421:36)
	at StreamMessageWriter.fireClose (/home/attuati/.vscode-server/extensions/ms-vscode.cpptools-1.12.4-linux-x64/dist/main.js:54290:27)
	at Socket.<anonymous> (/home/attuati/.vscode-server/extensions/ms-vscode.cpptools-1.12.4-linux-x64/dist/main.js:54322:42)
	at Socket.emit (node:events:526:28)
	at Pipe.<anonymous> (node:net:687:12)
[2022-09-22 20:02:24.641] [exthost] [error] [ms-vscode.cpptools] provider FAILED
[2022-09-22 20:02:24.641] [exthost] [error] Error: Pending response rejected since connection got disposed
	at Object.dispose (/home/attuati/.vscode-server/extensions/ms-vscode.cpptools-1.12.4-linux-x64/dist/main.js:53227:27)
	at Object.dispose (/home/attuati/.vscode-server/extensions/ms-vscode.cpptools-1.12.4-linux-x64/dist/main.js:56788:35)
	at LanguageClient.handleConnectionClosed (/home/attuati/.vscode-server/extensions/ms-vscode.cpptools-1.12.4-linux-x64/dist/main.js:56382:34)
	at LanguageClient.handleConnectionClosed (/home/attuati/.vscode-server/extensions/ms-vscode.cpptools-1.12.4-linux-x64/dist/main.js:65000:15)
	at closeHandler (/home/attuati/.vscode-server/extensions/ms-vscode.cpptools-1.12.4-linux-x64/dist/main.js:56369:18)
	at CallbackList.invoke (/home/attuati/.vscode-server/extensions/ms-vscode.cpptools-1.12.4-linux-x64/dist/main.js:53359:39)
	at Emitter.fire (/home/attuati/.vscode-server/extensions/ms-vscode.cpptools-1.12.4-linux-x64/dist/main.js:53421:36)
	at closeHandler (/home/attuati/.vscode-server/extensions/ms-vscode.cpptools-1.12.4-linux-x64/dist/main.js:52391:26)
	at CallbackList.invoke (/home/attuati/.vscode-server/extensions/ms-vscode.cpptools-1.12.4-linux-x64/dist/main.js:53359:39)
	at Emitter.fire (/home/attuati/.vscode-server/extensions/ms-vscode.cpptools-1.12.4-linux-x64/dist/main.js:53421:36)
	at StreamMessageWriter.fireClose (/home/attuati/.vscode-server/extensions/ms-vscode.cpptools-1.12.4-linux-x64/dist/main.js:54290:27)
	at Socket.<anonymous> (/home/attuati/.vscode-server/extensions/ms-vscode.cpptools-1.12.4-linux-x64/dist/main.js:54322:42)
	at Socket.emit (node:events:526:28)
	at Pipe.<anonymous> (node:net:687:12)
[2022-09-22 20:02:24.641] [exthost] [error] [ms-vscode.cpptools] provider FAILED
[2022-09-22 20:02:24.641] [exthost] [error] Error: Pending response rejected since connection got disposed
	at Object.dispose (/home/attuati/.vscode-server/extensions/ms-vscode.cpptools-1.12.4-linux-x64/dist/main.js:53227:27)
	at Object.dispose (/home/attuati/.vscode-server/extensions/ms-vscode.cpptools-1.12.4-linux-x64/dist/main.js:56788:35)
	at LanguageClient.handleConnectionClosed (/home/attuati/.vscode-server/extensions/ms-vscode.cpptools-1.12.4-linux-x64/dist/main.js:56382:34)
	at LanguageClient.handleConnectionClosed (/home/attuati/.vscode-server/extensions/ms-vscode.cpptools-1.12.4-linux-x64/dist/main.js:65000:15)
	at closeHandler (/home/attuati/.vscode-server/extensions/ms-vscode.cpptools-1.12.4-linux-x64/dist/main.js:56369:18)
	at CallbackList.invoke (/home/attuati/.vscode-server/extensions/ms-vscode.cpptools-1.12.4-linux-x64/dist/main.js:53359:39)
	at Emitter.fire (/home/attuati/.vscode-server/extensions/ms-vscode.cpptools-1.12.4-linux-x64/dist/main.js:53421:36)
	at closeHandler (/home/attuati/.vscode-server/extensions/ms-vscode.cpptools-1.12.4-linux-x64/dist/main.js:52391:26)
	at CallbackList.invoke (/home/attuati/.vscode-server/extensions/ms-vscode.cpptools-1.12.4-linux-x64/dist/main.js:53359:39)
	at Emitter.fire (/home/attuati/.vscode-server/extensions/ms-vscode.cpptools-1.12.4-linux-x64/dist/main.js:53421:36)
	at StreamMessageWriter.fireClose (/home/attuati/.vscode-server/extensions/ms-vscode.cpptools-1.12.4-linux-x64/dist/main.js:54290:27)
	at Socket.<anonymous> (/home/attuati/.vscode-server/extensions/ms-vscode.cpptools-1.12.4-linux-x64/dist/main.js:54322:42)
	at Socket.emit (node:events:526:28)
	at Pipe.<anonymous> (node:net:687:12)
[2022-09-22 20:02:24.641] [exthost] [error] [ms-vscode.cpptools] provider FAILED
[2022-09-22 20:02:24.641] [exthost] [error] Error: Pending response rejected since connection got disposed
	at Object.dispose (/home/attuati/.vscode-server/extensions/ms-vscode.cpptools-1.12.4-linux-x64/dist/main.js:53227:27)
	at Object.dispose (/home/attuati/.vscode-server/extensions/ms-vscode.cpptools-1.12.4-linux-x64/dist/main.js:56788:35)
	at LanguageClient.handleConnectionClosed (/home/attuati/.vscode-server/extensions/ms-vscode.cpptools-1.12.4-linux-x64/dist/main.js:56382:34)
	at LanguageClient.handleConnectionClosed (/home/attuati/.vscode-server/extensions/ms-vscode.cpptools-1.12.4-linux-x64/dist/main.js:65000:15)
	at closeHandler (/home/attuati/.vscode-server/extensions/ms-vscode.cpptools-1.12.4-linux-x64/dist/main.js:56369:18)
	at CallbackList.invoke (/home/attuati/.vscode-server/extensions/ms-vscode.cpptools-1.12.4-linux-x64/dist/main.js:53359:39)
	at Emitter.fire (/home/attuati/.vscode-server/extensions/ms-vscode.cpptools-1.12.4-linux-x64/dist/main.js:53421:36)
	at closeHandler (/home/attuati/.vscode-server/extensions/ms-vscode.cpptools-1.12.4-linux-x64/dist/main.js:52391:26)
	at CallbackList.invoke (/home/attuati/.vscode-server/extensions/ms-vscode.cpptools-1.12.4-linux-x64/dist/main.js:53359:39)
	at Emitter.fire (/home/attuati/.vscode-server/extensions/ms-vscode.cpptools-1.12.4-linux-x64/dist/main.js:53421:36)
	at StreamMessageWriter.fireClose (/home/attuati/.vscode-server/extensions/ms-vscode.cpptools-1.12.4-linux-x64/dist/main.js:54290:27)
	at Socket.<anonymous> (/home/attuati/.vscode-server/extensions/ms-vscode.cpptools-1.12.4-linux-x64/dist/main.js:54322:42)
	at Socket.emit (node:events:526:28)
	at Pipe.<anonymous> (node:net:687:12)
[2022-09-22 20:02:24.641] [exthost] [error] [ms-vscode.cpptools] provider FAILED
[2022-09-22 20:02:24.641] [exthost] [error] Error: Pending response rejected since connection got disposed
	at Object.dispose (/home/attuati/.vscode-server/extensions/ms-vscode.cpptools-1.12.4-linux-x64/dist/main.js:53227:27)
	at Object.dispose (/home/attuati/.vscode-server/extensions/ms-vscode.cpptools-1.12.4-linux-x64/dist/main.js:56788:35)
	at LanguageClient.handleConnectionClosed (/home/attuati/.vscode-server/extensions/ms-vscode.cpptools-1.12.4-linux-x64/dist/main.js:56382:34)
	at LanguageClient.handleConnectionClosed (/home/attuati/.vscode-server/extensions/ms-vscode.cpptools-1.12.4-linux-x64/dist/main.js:65000:15)
	at closeHandler (/home/attuati/.vscode-server/extensions/ms-vscode.cpptools-1.12.4-linux-x64/dist/main.js:56369:18)
	at CallbackList.invoke (/home/attuati/.vscode-server/extensions/ms-vscode.cpptools-1.12.4-linux-x64/dist/main.js:53359:39)
	at Emitter.fire (/home/attuati/.vscode-server/extensions/ms-vscode.cpptools-1.12.4-linux-x64/dist/main.js:53421:36)
	at closeHandler (/home/attuati/.vscode-server/extensions/ms-vscode.cpptools-1.12.4-linux-x64/dist/main.js:52391:26)
	at CallbackList.invoke (/home/attuati/.vscode-server/extensions/ms-vscode.cpptools-1.12.4-linux-x64/dist/main.js:53359:39)
	at Emitter.fire (/home/attuati/.vscode-server/extensions/ms-vscode.cpptools-1.12.4-linux-x64/dist/main.js:53421:36)
	at StreamMessageWriter.fireClose (/home/attuati/.vscode-server/extensions/ms-vscode.cpptools-1.12.4-linux-x64/dist/main.js:54290:27)
	at Socket.<anonymous> (/home/attuati/.vscode-server/extensions/ms-vscode.cpptools-1.12.4-linux-x64/dist/main.js:54322:42)
	at Socket.emit (node:events:526:28)
	at Pipe.<anonymous> (node:net:687:12)
[2022-09-22 22:03:57.253] [exthost] [info] Extension host terminating: received terminate message from renderer
[2022-09-22 22:03:57.821] [exthost] [info] Extension host with pid 128 exiting with code 0
